[22-Mar-2024 13:29:41 UTC] PHP Notice:  ob_end_flush(): Failed to send buffer of zlib output compression (1) in C:\MAMP\htdocs\mota\wp-includes\functions.php on line 5373
[22-Mar-2024 13:29:41 UTC] PHP Notice:  ob_end_flush(): Failed to send buffer of zlib output compression (1) in C:\MAMP\htdocs\mota\wp-includes\functions.php on line 5373
[23-Mar-2024 13:06:26 UTC] PHP Notice:  ob_end_flush(): Failed to send buffer of zlib output compression (1) in C:\MAMP\htdocs\mota\wp-includes\functions.php on line 5373
[23-Mar-2024 13:06:26 UTC] PHP Notice:  ob_end_flush(): Failed to send buffer of zlib output compression (1) in C:\MAMP\htdocs\mota\wp-includes\functions.php on line 5373
[23-Mar-2024 13:06:40 UTC] PHP Notice:  ob_end_flush(): Failed to send buffer of zlib output compression (1) in C:\MAMP\htdocs\mota\wp-includes\functions.php on line 5373
[23-Mar-2024 13:06:40 UTC] PHP Notice:  ob_end_flush(): Failed to send buffer of zlib output compression (1) in C:\MAMP\htdocs\mota\wp-includes\functions.php on line 5373
[23-Mar-2024 13:06:49 UTC] PHP Notice:  ob_end_flush(): Failed to send buffer of zlib output compression (1) in C:\MAMP\htdocs\mota\wp-includes\functions.php on line 5373
[23-Mar-2024 13:06:49 UTC] PHP Notice:  ob_end_flush(): Failed to send buffer of zlib output compression (1) in C:\MAMP\htdocs\mota\wp-includes\functions.php on line 5373
[23-Mar-2024 13:14:54 UTC] PHP Parse error:  syntax error, unexpected token "function" in C:\MAMP\htdocs\mota\wp-content\themes\mota\functions.php on line 19
[23-Mar-2024 13:14:54 UTC] PHP Warning:  Trying to access array offset on value of type bool in C:\MAMP\htdocs\mota\wp-includes\class-wp-recovery-mode-email-service.php on line 367
[23-Mar-2024 13:14:54 UTC] PHP Warning:  Trying to access array offset on value of type bool in C:\MAMP\htdocs\mota\wp-includes\class-wp-recovery-mode-email-service.php on line 368
[23-Mar-2024 13:54:13 UTC] PHP Notice:  ob_end_flush(): Failed to send buffer of zlib output compression (1) in C:\MAMP\htdocs\mota\wp-includes\functions.php on line 5373
[23-Mar-2024 13:54:13 UTC] PHP Notice:  ob_end_flush(): Failed to send buffer of zlib output compression (1) in C:\MAMP\htdocs\mota\wp-includes\functions.php on line 5373
[23-Mar-2024 15:27:41 UTC] PHP Notice:  ob_end_flush(): Failed to send buffer of zlib output compression (1) in C:\MAMP\htdocs\mota\wp-includes\functions.php on line 5373
[23-Mar-2024 15:27:41 UTC] PHP Notice:  ob_end_flush(): Failed to send buffer of zlib output compression (1) in C:\MAMP\htdocs\mota\wp-includes\functions.php on line 5373
[25-Mar-2024 12:31:02 UTC] PHP Notice:  ob_end_flush(): Failed to send buffer of zlib output compression (1) in C:\MAMP\htdocs\mota\wp-includes\functions.php on line 5373
[25-Mar-2024 12:31:02 UTC] PHP Notice:  ob_end_flush(): Failed to send buffer of zlib output compression (1) in C:\MAMP\htdocs\mota\wp-includes\functions.php on line 5373
[25-Mar-2024 12:53:25 UTC] PHP Warning:  Attempt to read property "title" on null in C:\MAMP\htdocs\mota\wp-includes\class-wp-customize-widgets.php on line 905
[25-Mar-2024 12:53:25 UTC] PHP Notice:  ob_end_flush(): Failed to send buffer of zlib output compression (1) in C:\MAMP\htdocs\mota\wp-includes\functions.php on line 5373
[25-Mar-2024 12:53:25 UTC] PHP Notice:  ob_end_flush(): Failed to send buffer of zlib output compression (1) in C:\MAMP\htdocs\mota\wp-includes\functions.php on line 5373
[25-Mar-2024 12:53:27 UTC] PHP Notice:  ob_end_flush(): Failed to send buffer of zlib output compression (1) in C:\MAMP\htdocs\mota\wp-includes\functions.php on line 5373
[25-Mar-2024 12:53:27 UTC] PHP Notice:  ob_end_flush(): Failed to send buffer of zlib output compression (1) in C:\MAMP\htdocs\mota\wp-includes\functions.php on line 5373
[25-Mar-2024 12:53:47 UTC] PHP Notice:  ob_end_flush(): Failed to send buffer of zlib output compression (1) in C:\MAMP\htdocs\mota\wp-includes\functions.php on line 5373
[25-Mar-2024 12:53:47 UTC] PHP Notice:  ob_end_flush(): Failed to send buffer of zlib output compression (1) in C:\MAMP\htdocs\mota\wp-includes\functions.php on line 5373
[25-Mar-2024 17:45:39 UTC] PHP Notice:  ob_end_flush(): Failed to send buffer of zlib output compression (1) in C:\MAMP\htdocs\mota\wp-includes\functions.php on line 5373
[25-Mar-2024 17:45:39 UTC] PHP Notice:  ob_end_flush(): Failed to send buffer of zlib output compression (1) in C:\MAMP\htdocs\mota\wp-includes\functions.php on line 5373
[25-Mar-2024 17:55:44 UTC] PHP Notice:  ob_end_flush(): Failed to send buffer of zlib output compression (1) in C:\MAMP\htdocs\mota\wp-includes\functions.php on line 5373
[25-Mar-2024 17:55:44 UTC] PHP Notice:  ob_end_flush(): Failed to send buffer of zlib output compression (1) in C:\MAMP\htdocs\mota\wp-includes\functions.php on line 5373
[25-Mar-2024 17:55:44 UTC] PHP Notice:  ob_end_flush(): Failed to send buffer of zlib output compression (1) in C:\MAMP\htdocs\mota\wp-includes\functions.php on line 5373
[25-Mar-2024 17:55:44 UTC] PHP Notice:  ob_end_flush(): Failed to send buffer of zlib output compression (1) in C:\MAMP\htdocs\mota\wp-includes\functions.php on line 5373
[25-Mar-2024 17:57:29 UTC] PHP Notice:  ob_end_flush(): Failed to send buffer of zlib output compression (1) in C:\MAMP\htdocs\mota\wp-includes\functions.php on line 5373
[25-Mar-2024 17:57:29 UTC] PHP Notice:  ob_end_flush(): Failed to send buffer of zlib output compression (1) in C:\MAMP\htdocs\mota\wp-includes\functions.php on line 5373
[25-Mar-2024 17:57:30 UTC] PHP Notice:  ob_end_flush(): Failed to send buffer of zlib output compression (1) in C:\MAMP\htdocs\mota\wp-includes\functions.php on line 5373
[25-Mar-2024 17:57:30 UTC] PHP Notice:  ob_end_flush(): Failed to send buffer of zlib output compression (1) in C:\MAMP\htdocs\mota\wp-includes\functions.php on line 5373
[25-Mar-2024 18:04:20 UTC] PHP Notice:  ob_end_flush(): Failed to send buffer of zlib output compression (1) in C:\MAMP\htdocs\mota\wp-includes\functions.php on line 5373
[25-Mar-2024 18:04:20 UTC] PHP Notice:  ob_end_flush(): Failed to send buffer of zlib output compression (1) in C:\MAMP\htdocs\mota\wp-includes\functions.php on line 5373
[25-Mar-2024 18:04:21 UTC] PHP Notice:  ob_end_flush(): Failed to send buffer of zlib output compression (1) in C:\MAMP\htdocs\mota\wp-includes\functions.php on line 5373
[25-Mar-2024 18:04:21 UTC] PHP Notice:  ob_end_flush(): Failed to send buffer of zlib output compression (1) in C:\MAMP\htdocs\mota\wp-includes\functions.php on line 5373
[25-Mar-2024 18:07:15 UTC] PHP Notice:  ob_end_flush(): Failed to send buffer of zlib output compression (1) in C:\MAMP\htdocs\mota\wp-includes\functions.php on line 5373
[25-Mar-2024 18:07:15 UTC] PHP Notice:  ob_end_flush(): Failed to send buffer of zlib output compression (1) in C:\MAMP\htdocs\mota\wp-includes\functions.php on line 5373
[25-Mar-2024 18:07:15 UTC] PHP Notice:  ob_end_flush(): Failed to send buffer of zlib output compression (1) in C:\MAMP\htdocs\mota\wp-includes\functions.php on line 5373
[25-Mar-2024 18:07:15 UTC] PHP Notice:  ob_end_flush(): Failed to send buffer of zlib output compression (1) in C:\MAMP\htdocs\mota\wp-includes\functions.php on line 5373
[25-Mar-2024 18:08:58 UTC] PHP Notice:  ob_end_flush(): Failed to send buffer of zlib output compression (1) in C:\MAMP\htdocs\mota\wp-includes\functions.php on line 5373
[25-Mar-2024 18:08:58 UTC] PHP Notice:  ob_end_flush(): Failed to send buffer of zlib output compression (1) in C:\MAMP\htdocs\mota\wp-includes\functions.php on line 5373
[25-Mar-2024 18:08:58 UTC] PHP Notice:  ob_end_flush(): Failed to send buffer of zlib output compression (1) in C:\MAMP\htdocs\mota\wp-includes\functions.php on line 5373
[25-Mar-2024 18:08:58 UTC] PHP Notice:  ob_end_flush(): Failed to send buffer of zlib output compression (1) in C:\MAMP\htdocs\mota\wp-includes\functions.php on line 5373
[25-Mar-2024 18:09:00 UTC] PHP Notice:  ob_end_flush(): Failed to send buffer of zlib output compression (1) in C:\MAMP\htdocs\mota\wp-includes\functions.php on line 5373
[25-Mar-2024 18:09:00 UTC] PHP Notice:  ob_end_flush(): Failed to send buffer of zlib output compression (1) in C:\MAMP\htdocs\mota\wp-includes\functions.php on line 5373
[25-Mar-2024 18:09:00 UTC] PHP Notice:  ob_end_flush(): Failed to send buffer of zlib output compression (1) in C:\MAMP\htdocs\mota\wp-includes\functions.php on line 5373
[25-Mar-2024 18:09:00 UTC] PHP Notice:  ob_end_flush(): Failed to send buffer of zlib output compression (1) in C:\MAMP\htdocs\mota\wp-includes\functions.php on line 5373
[25-Mar-2024 18:11:34 UTC] PHP Notice:  ob_end_flush(): Failed to send buffer of zlib output compression (1) in C:\MAMP\htdocs\mota\wp-includes\functions.php on line 5373
[25-Mar-2024 18:11:34 UTC] PHP Notice:  ob_end_flush(): Failed to send buffer of zlib output compression (1) in C:\MAMP\htdocs\mota\wp-includes\functions.php on line 5373
[25-Mar-2024 18:11:35 UTC] PHP Notice:  ob_end_flush(): Failed to send buffer of zlib output compression (1) in C:\MAMP\htdocs\mota\wp-includes\functions.php on line 5373
[25-Mar-2024 18:11:35 UTC] PHP Notice:  ob_end_flush(): Failed to send buffer of zlib output compression (1) in C:\MAMP\htdocs\mota\wp-includes\functions.php on line 5373
[25-Mar-2024 18:11:44 UTC] PHP Notice:  ob_end_flush(): Failed to send buffer of zlib output compression (1) in C:\MAMP\htdocs\mota\wp-includes\functions.php on line 5373
[25-Mar-2024 18:11:44 UTC] PHP Notice:  ob_end_flush(): Failed to send buffer of zlib output compression (1) in C:\MAMP\htdocs\mota\wp-includes\functions.php on line 5373
[25-Mar-2024 18:11:44 UTC] PHP Notice:  ob_end_flush(): Failed to send buffer of zlib output compression (1) in C:\MAMP\htdocs\mota\wp-includes\functions.php on line 5373
[25-Mar-2024 18:11:44 UTC] PHP Notice:  ob_end_flush(): Failed to send buffer of zlib output compression (1) in C:\MAMP\htdocs\mota\wp-includes\functions.php on line 5373
[25-Mar-2024 18:11:48 UTC] PHP Notice:  ob_end_flush(): Failed to send buffer of zlib output compression (1) in C:\MAMP\htdocs\mota\wp-includes\functions.php on line 5373
[25-Mar-2024 18:11:48 UTC] PHP Notice:  ob_end_flush(): Failed to send buffer of zlib output compression (1) in C:\MAMP\htdocs\mota\wp-includes\functions.php on line 5373
[25-Mar-2024 18:11:49 UTC] PHP Notice:  ob_end_flush(): Failed to send buffer of zlib output compression (1) in C:\MAMP\htdocs\mota\wp-includes\functions.php on line 5373
[25-Mar-2024 18:11:49 UTC] PHP Notice:  ob_end_flush(): Failed to send buffer of zlib output compression (1) in C:\MAMP\htdocs\mota\wp-includes\functions.php on line 5373
[25-Mar-2024 18:14:36 UTC] PHP Notice:  ob_end_flush(): Failed to send buffer of zlib output compression (1) in C:\MAMP\htdocs\mota\wp-includes\functions.php on line 5373
[25-Mar-2024 18:14:36 UTC] PHP Notice:  ob_end_flush(): Failed to send buffer of zlib output compression (1) in C:\MAMP\htdocs\mota\wp-includes\functions.php on line 5373
[25-Mar-2024 18:14:37 UTC] PHP Notice:  ob_end_flush(): Failed to send buffer of zlib output compression (1) in C:\MAMP\htdocs\mota\wp-includes\functions.php on line 5373
[25-Mar-2024 18:14:37 UTC] PHP Notice:  ob_end_flush(): Failed to send buffer of zlib output compression (1) in C:\MAMP\htdocs\mota\wp-includes\functions.php on line 5373
[25-Mar-2024 18:14:39 UTC] PHP Notice:  ob_end_flush(): Failed to send buffer of zlib output compression (1) in C:\MAMP\htdocs\mota\wp-includes\functions.php on line 5373
[25-Mar-2024 18:14:39 UTC] PHP Notice:  ob_end_flush(): Failed to send buffer of zlib output compression (1) in C:\MAMP\htdocs\mota\wp-includes\functions.php on line 5373
[25-Mar-2024 18:14:40 UTC] PHP Notice:  ob_end_flush(): Failed to send buffer of zlib output compression (1) in C:\MAMP\htdocs\mota\wp-includes\functions.php on line 5373
[25-Mar-2024 18:14:40 UTC] PHP Notice:  ob_end_flush(): Failed to send buffer of zlib output compression (1) in C:\MAMP\htdocs\mota\wp-includes\functions.php on line 5373
[25-Mar-2024 18:14:44 UTC] PHP Notice:  ob_end_flush(): Failed to send buffer of zlib output compression (1) in C:\MAMP\htdocs\mota\wp-includes\functions.php on line 5373
[25-Mar-2024 18:14:44 UTC] PHP Notice:  ob_end_flush(): Failed to send buffer of zlib output compression (1) in C:\MAMP\htdocs\mota\wp-includes\functions.php on line 5373
[25-Mar-2024 18:14:44 UTC] PHP Notice:  ob_end_flush(): Failed to send buffer of zlib output compression (1) in C:\MAMP\htdocs\mota\wp-includes\functions.php on line 5373
[25-Mar-2024 18:14:44 UTC] PHP Notice:  ob_end_flush(): Failed to send buffer of zlib output compression (1) in C:\MAMP\htdocs\mota\wp-includes\functions.php on line 5373
[25-Mar-2024 18:14:47 UTC] PHP Notice:  ob_end_flush(): Failed to send buffer of zlib output compression (1) in C:\MAMP\htdocs\mota\wp-includes\functions.php on line 5373
[25-Mar-2024 18:14:47 UTC] PHP Notice:  ob_end_flush(): Failed to send buffer of zlib output compression (1) in C:\MAMP\htdocs\mota\wp-includes\functions.php on line 5373
[25-Mar-2024 18:14:48 UTC] PHP Notice:  ob_end_flush(): Failed to send buffer of zlib output compression (1) in C:\MAMP\htdocs\mota\wp-includes\functions.php on line 5373
[25-Mar-2024 18:14:48 UTC] PHP Notice:  ob_end_flush(): Failed to send buffer of zlib output compression (1) in C:\MAMP\htdocs\mota\wp-includes\functions.php on line 5373
[25-Mar-2024 18:15:27 UTC] PHP Notice:  ob_end_flush(): Failed to send buffer of zlib output compression (1) in C:\MAMP\htdocs\mota\wp-includes\functions.php on line 5373
[25-Mar-2024 18:15:27 UTC] PHP Notice:  ob_end_flush(): Failed to send buffer of zlib output compression (1) in C:\MAMP\htdocs\mota\wp-includes\functions.php on line 5373
[25-Mar-2024 18:15:28 UTC] PHP Notice:  ob_end_flush(): Failed to send buffer of zlib output compression (1) in C:\MAMP\htdocs\mota\wp-includes\functions.php on line 5373
[25-Mar-2024 18:15:28 UTC] PHP Notice:  ob_end_flush(): Failed to send buffer of zlib output compression (1) in C:\MAMP\htdocs\mota\wp-includes\functions.php on line 5373
[25-Mar-2024 18:22:48 UTC] PHP Notice:  ob_end_flush(): Failed to send buffer of zlib output compression (1) in C:\MAMP\htdocs\mota\wp-includes\functions.php on line 5373
[25-Mar-2024 18:22:48 UTC] PHP Notice:  ob_end_flush(): Failed to send buffer of zlib output compression (1) in C:\MAMP\htdocs\mota\wp-includes\functions.php on line 5373
[25-Mar-2024 18:22:48 UTC] PHP Notice:  ob_end_flush(): Failed to send buffer of zlib output compression (1) in C:\MAMP\htdocs\mota\wp-includes\functions.php on line 5373
[25-Mar-2024 18:22:48 UTC] PHP Notice:  ob_end_flush(): Failed to send buffer of zlib output compression (1) in C:\MAMP\htdocs\mota\wp-includes\functions.php on line 5373
[25-Mar-2024 18:25:06 UTC] PHP Notice:  ob_end_flush(): Failed to send buffer of zlib output compression (1) in C:\MAMP\htdocs\mota\wp-includes\functions.php on line 5373
[25-Mar-2024 18:25:06 UTC] PHP Notice:  ob_end_flush(): Failed to send buffer of zlib output compression (1) in C:\MAMP\htdocs\mota\wp-includes\functions.php on line 5373
[25-Mar-2024 18:25:07 UTC] PHP Notice:  ob_end_flush(): Failed to send buffer of zlib output compression (1) in C:\MAMP\htdocs\mota\wp-includes\functions.php on line 5373
[25-Mar-2024 18:25:07 UTC] PHP Notice:  ob_end_flush(): Failed to send buffer of zlib output compression (1) in C:\MAMP\htdocs\mota\wp-includes\functions.php on line 5373
[25-Mar-2024 18:25:19 UTC] PHP Notice:  ob_end_flush(): Failed to send buffer of zlib output compression (1) in C:\MAMP\htdocs\mota\wp-includes\functions.php on line 5373
[25-Mar-2024 18:25:19 UTC] PHP Notice:  ob_end_flush(): Failed to send buffer of zlib output compression (1) in C:\MAMP\htdocs\mota\wp-includes\functions.php on line 5373
[25-Mar-2024 18:26:59 UTC] PHP Notice:  ob_end_flush(): Failed to send buffer of zlib output compression (1) in C:\MAMP\htdocs\mota\wp-includes\functions.php on line 5373
[25-Mar-2024 18:26:59 UTC] PHP Notice:  ob_end_flush(): Failed to send buffer of zlib output compression (1) in C:\MAMP\htdocs\mota\wp-includes\functions.php on line 5373
[25-Mar-2024 18:26:59 UTC] PHP Notice:  ob_end_flush(): Failed to send buffer of zlib output compression (1) in C:\MAMP\htdocs\mota\wp-includes\functions.php on line 5373
[25-Mar-2024 18:26:59 UTC] PHP Notice:  ob_end_flush(): Failed to send buffer of zlib output compression (1) in C:\MAMP\htdocs\mota\wp-includes\functions.php on line 5373
[25-Mar-2024 18:27:07 UTC] PHP Notice:  ob_end_flush(): Failed to send buffer of zlib output compression (1) in C:\MAMP\htdocs\mota\wp-includes\functions.php on line 5373
[25-Mar-2024 18:27:07 UTC] PHP Notice:  ob_end_flush(): Failed to send buffer of zlib output compression (1) in C:\MAMP\htdocs\mota\wp-includes\functions.php on line 5373
[25-Mar-2024 18:27:07 UTC] PHP Notice:  ob_end_flush(): Failed to send buffer of zlib output compression (1) in C:\MAMP\htdocs\mota\wp-includes\functions.php on line 5373
[25-Mar-2024 18:27:07 UTC] PHP Notice:  ob_end_flush(): Failed to send buffer of zlib output compression (1) in C:\MAMP\htdocs\mota\wp-includes\functions.php on line 5373
[25-Mar-2024 18:27:10 UTC] PHP Notice:  ob_end_flush(): Failed to send buffer of zlib output compression (1) in C:\MAMP\htdocs\mota\wp-includes\functions.php on line 5373
[25-Mar-2024 18:27:10 UTC] PHP Notice:  ob_end_flush(): Failed to send buffer of zlib output compression (1) in C:\MAMP\htdocs\mota\wp-includes\functions.php on line 5373
[25-Mar-2024 18:27:11 UTC] PHP Notice:  ob_end_flush(): Failed to send buffer of zlib output compression (1) in C:\MAMP\htdocs\mota\wp-includes\functions.php on line 5373
[25-Mar-2024 18:27:11 UTC] PHP Notice:  ob_end_flush(): Failed to send buffer of zlib output compression (1) in C:\MAMP\htdocs\mota\wp-includes\functions.php on line 5373
[25-Mar-2024 18:32:41 UTC] PHP Notice:  ob_end_flush(): Failed to send buffer of zlib output compression (1) in C:\MAMP\htdocs\mota\wp-includes\functions.php on line 5373
[25-Mar-2024 18:32:41 UTC] PHP Notice:  ob_end_flush(): Failed to send buffer of zlib output compression (1) in C:\MAMP\htdocs\mota\wp-includes\functions.php on line 5373
[25-Mar-2024 18:32:42 UTC] PHP Notice:  ob_end_flush(): Failed to send buffer of zlib output compression (1) in C:\MAMP\htdocs\mota\wp-includes\functions.php on line 5373
[25-Mar-2024 18:32:42 UTC] PHP Notice:  ob_end_flush(): Failed to send buffer of zlib output compression (1) in C:\MAMP\htdocs\mota\wp-includes\functions.php on line 5373
[25-Mar-2024 18:34:47 UTC] PHP Notice:  ob_end_flush(): Failed to send buffer of zlib output compression (1) in C:\MAMP\htdocs\mota\wp-includes\functions.php on line 5373
[25-Mar-2024 18:34:47 UTC] PHP Notice:  ob_end_flush(): Failed to send buffer of zlib output compression (1) in C:\MAMP\htdocs\mota\wp-includes\functions.php on line 5373
[25-Mar-2024 18:34:47 UTC] PHP Notice:  ob_end_flush(): Failed to send buffer of zlib output compression (1) in C:\MAMP\htdocs\mota\wp-includes\functions.php on line 5373
[25-Mar-2024 18:34:47 UTC] PHP Notice:  ob_end_flush(): Failed to send buffer of zlib output compression (1) in C:\MAMP\htdocs\mota\wp-includes\functions.php on line 5373
[25-Mar-2024 18:34:49 UTC] PHP Notice:  ob_end_flush(): Failed to send buffer of zlib output compression (1) in C:\MAMP\htdocs\mota\wp-includes\functions.php on line 5373
[25-Mar-2024 18:34:49 UTC] PHP Notice:  ob_end_flush(): Failed to send buffer of zlib output compression (1) in C:\MAMP\htdocs\mota\wp-includes\functions.php on line 5373
[25-Mar-2024 18:34:50 UTC] PHP Notice:  ob_end_flush(): Failed to send buffer of zlib output compression (1) in C:\MAMP\htdocs\mota\wp-includes\functions.php on line 5373
[25-Mar-2024 18:34:50 UTC] PHP Notice:  ob_end_flush(): Failed to send buffer of zlib output compression (1) in C:\MAMP\htdocs\mota\wp-includes\functions.php on line 5373
[25-Mar-2024 18:35:02 UTC] PHP Notice:  ob_end_flush(): Failed to send buffer of zlib output compression (1) in C:\MAMP\htdocs\mota\wp-includes\functions.php on line 5373
[25-Mar-2024 18:35:02 UTC] PHP Notice:  ob_end_flush(): Failed to send buffer of zlib output compression (1) in C:\MAMP\htdocs\mota\wp-includes\functions.php on line 5373
[25-Mar-2024 18:35:02 UTC] PHP Notice:  ob_end_flush(): Failed to send buffer of zlib output compression (1) in C:\MAMP\htdocs\mota\wp-includes\functions.php on line 5373
[25-Mar-2024 18:35:02 UTC] PHP Notice:  ob_end_flush(): Failed to send buffer of zlib output compression (1) in C:\MAMP\htdocs\mota\wp-includes\functions.php on line 5373
[25-Mar-2024 18:42:20 UTC] PHP Notice:  ob_end_flush(): Failed to send buffer of zlib output compression (1) in C:\MAMP\htdocs\mota\wp-includes\functions.php on line 5373
[25-Mar-2024 18:42:20 UTC] PHP Notice:  ob_end_flush(): Failed to send buffer of zlib output compression (1) in C:\MAMP\htdocs\mota\wp-includes\functions.php on line 5373
[25-Mar-2024 18:42:21 UTC] PHP Notice:  ob_end_flush(): Failed to send buffer of zlib output compression (1) in C:\MAMP\htdocs\mota\wp-includes\functions.php on line 5373
[25-Mar-2024 18:42:21 UTC] PHP Notice:  ob_end_flush(): Failed to send buffer of zlib output compression (1) in C:\MAMP\htdocs\mota\wp-includes\functions.php on line 5373
[25-Mar-2024 18:42:23 UTC] PHP Notice:  ob_end_flush(): Failed to send buffer of zlib output compression (1) in C:\MAMP\htdocs\mota\wp-includes\functions.php on line 5373
[25-Mar-2024 18:42:23 UTC] PHP Notice:  ob_end_flush(): Failed to send buffer of zlib output compression (1) in C:\MAMP\htdocs\mota\wp-includes\functions.php on line 5373
[25-Mar-2024 18:42:24 UTC] PHP Notice:  ob_end_flush(): Failed to send buffer of zlib output compression (1) in C:\MAMP\htdocs\mota\wp-includes\functions.php on line 5373
[25-Mar-2024 18:42:24 UTC] PHP Notice:  ob_end_flush(): Failed to send buffer of zlib output compression (1) in C:\MAMP\htdocs\mota\wp-includes\functions.php on line 5373
[25-Mar-2024 18:44:56 UTC] PHP Notice:  ob_end_flush(): Failed to send buffer of zlib output compression (1) in C:\MAMP\htdocs\mota\wp-includes\functions.php on line 5373
[25-Mar-2024 18:44:56 UTC] PHP Notice:  ob_end_flush(): Failed to send buffer of zlib output compression (1) in C:\MAMP\htdocs\mota\wp-includes\functions.php on line 5373
[25-Mar-2024 18:44:57 UTC] PHP Notice:  ob_end_flush(): Failed to send buffer of zlib output compression (1) in C:\MAMP\htdocs\mota\wp-includes\functions.php on line 5373
[25-Mar-2024 18:44:57 UTC] PHP Notice:  ob_end_flush(): Failed to send buffer of zlib output compression (1) in C:\MAMP\htdocs\mota\wp-includes\functions.php on line 5373
[25-Mar-2024 18:46:55 UTC] PHP Notice:  ob_end_flush(): Failed to send buffer of zlib output compression (1) in C:\MAMP\htdocs\mota\wp-includes\functions.php on line 5373
[25-Mar-2024 18:46:55 UTC] PHP Notice:  ob_end_flush(): Failed to send buffer of zlib output compression (1) in C:\MAMP\htdocs\mota\wp-includes\functions.php on line 5373
[25-Mar-2024 18:46:55 UTC] PHP Notice:  ob_end_flush(): Failed to send buffer of zlib output compression (1) in C:\MAMP\htdocs\mota\wp-includes\functions.php on line 5373
[25-Mar-2024 18:46:55 UTC] PHP Notice:  ob_end_flush(): Failed to send buffer of zlib output compression (1) in C:\MAMP\htdocs\mota\wp-includes\functions.php on line 5373
[25-Mar-2024 18:46:58 UTC] PHP Notice:  ob_end_flush(): Failed to send buffer of zlib output compression (1) in C:\MAMP\htdocs\mota\wp-includes\functions.php on line 5373
[25-Mar-2024 18:46:58 UTC] PHP Notice:  ob_end_flush(): Failed to send buffer of zlib output compression (1) in C:\MAMP\htdocs\mota\wp-includes\functions.php on line 5373
[25-Mar-2024 18:46:58 UTC] PHP Notice:  ob_end_flush(): Failed to send buffer of zlib output compression (1) in C:\MAMP\htdocs\mota\wp-includes\functions.php on line 5373
[25-Mar-2024 18:46:58 UTC] PHP Notice:  ob_end_flush(): Failed to send buffer of zlib output compression (1) in C:\MAMP\htdocs\mota\wp-includes\functions.php on line 5373
[25-Mar-2024 18:48:09 UTC] PHP Notice:  ob_end_flush(): Failed to send buffer of zlib output compression (1) in C:\MAMP\htdocs\mota\wp-includes\functions.php on line 5373
[25-Mar-2024 18:48:09 UTC] PHP Notice:  ob_end_flush(): Failed to send buffer of zlib output compression (1) in C:\MAMP\htdocs\mota\wp-includes\functions.php on line 5373
[25-Mar-2024 18:48:09 UTC] PHP Notice:  ob_end_flush(): Failed to send buffer of zlib output compression (1) in C:\MAMP\htdocs\mota\wp-includes\functions.php on line 5373
[25-Mar-2024 18:48:09 UTC] PHP Notice:  ob_end_flush(): Failed to send buffer of zlib output compression (1) in C:\MAMP\htdocs\mota\wp-includes\functions.php on line 5373
[25-Mar-2024 18:49:02 UTC] PHP Notice:  ob_end_flush(): Failed to send buffer of zlib output compression (1) in C:\MAMP\htdocs\mota\wp-includes\functions.php on line 5373
[25-Mar-2024 18:49:02 UTC] PHP Notice:  ob_end_flush(): Failed to send buffer of zlib output compression (1) in C:\MAMP\htdocs\mota\wp-includes\functions.php on line 5373
[25-Mar-2024 18:49:03 UTC] PHP Notice:  ob_end_flush(): Failed to send buffer of zlib output compression (1) in C:\MAMP\htdocs\mota\wp-includes\functions.php on line 5373
[25-Mar-2024 18:49:03 UTC] PHP Notice:  ob_end_flush(): Failed to send buffer of zlib output compression (1) in C:\MAMP\htdocs\mota\wp-includes\functions.php on line 5373
[25-Mar-2024 18:49:05 UTC] PHP Notice:  ob_end_flush(): Failed to send buffer of zlib output compression (1) in C:\MAMP\htdocs\mota\wp-includes\functions.php on line 5373
[25-Mar-2024 18:49:05 UTC] PHP Notice:  ob_end_flush(): Failed to send buffer of zlib output compression (1) in C:\MAMP\htdocs\mota\wp-includes\functions.php on line 5373
[25-Mar-2024 18:49:05 UTC] PHP Notice:  ob_end_flush(): Failed to send buffer of zlib output compression (1) in C:\MAMP\htdocs\mota\wp-includes\functions.php on line 5373
[25-Mar-2024 18:49:05 UTC] PHP Notice:  ob_end_flush(): Failed to send buffer of zlib output compression (1) in C:\MAMP\htdocs\mota\wp-includes\functions.php on line 5373
[25-Mar-2024 20:37:48 UTC] PHP Notice:  ob_end_flush(): Failed to send buffer of zlib output compression (1) in C:\MAMP\htdocs\mota\wp-includes\functions.php on line 5373
[25-Mar-2024 20:37:48 UTC] PHP Notice:  ob_end_flush(): Failed to send buffer of zlib output compression (1) in C:\MAMP\htdocs\mota\wp-includes\functions.php on line 5373
[26-Mar-2024 11:38:59 UTC] PHP Notice:  ob_end_flush(): Failed to send buffer of zlib output compression (1) in C:\MAMP\htdocs\mota\wp-includes\functions.php on line 5373
[26-Mar-2024 11:38:59 UTC] PHP Notice:  ob_end_flush(): Failed to send buffer of zlib output compression (1) in C:\MAMP\htdocs\mota\wp-includes\functions.php on line 5373
[26-Mar-2024 12:44:24 UTC] PHP Notice:  ob_end_flush(): Failed to send buffer of zlib output compression (1) in C:\MAMP\htdocs\mota\wp-includes\functions.php on line 5373
[26-Mar-2024 12:44:24 UTC] PHP Notice:  ob_end_flush(): Failed to send buffer of zlib output compression (1) in C:\MAMP\htdocs\mota\wp-includes\functions.php on line 5373
[26-Mar-2024 12:45:04 UTC] PHP Notice:  ob_end_flush(): Failed to send buffer of zlib output compression (1) in C:\MAMP\htdocs\mota\wp-includes\functions.php on line 5373
[26-Mar-2024 12:45:04 UTC] PHP Notice:  ob_end_flush(): Failed to send buffer of zlib output compression (1) in C:\MAMP\htdocs\mota\wp-includes\functions.php on line 5373
[26-Mar-2024 12:45:46 UTC] PHP Notice:  ob_end_flush(): Failed to send buffer of zlib output compression (1) in C:\MAMP\htdocs\mota\wp-includes\functions.php on line 5373
[26-Mar-2024 12:45:46 UTC] PHP Notice:  ob_end_flush(): Failed to send buffer of zlib output compression (1) in C:\MAMP\htdocs\mota\wp-includes\functions.php on line 5373
[26-Mar-2024 12:50:34 UTC] PHP Notice:  ob_end_flush(): Failed to send buffer of zlib output compression (1) in C:\MAMP\htdocs\mota\wp-includes\functions.php on line 5373
[26-Mar-2024 12:50:34 UTC] PHP Notice:  ob_end_flush(): Failed to send buffer of zlib output compression (1) in C:\MAMP\htdocs\mota\wp-includes\functions.php on line 5373
[26-Mar-2024 12:50:42 UTC] PHP Notice:  ob_end_flush(): Failed to send buffer of zlib output compression (1) in C:\MAMP\htdocs\mota\wp-includes\functions.php on line 5373
[26-Mar-2024 12:50:42 UTC] PHP Notice:  ob_end_flush(): Failed to send buffer of zlib output compression (1) in C:\MAMP\htdocs\mota\wp-includes\functions.php on line 5373
[26-Mar-2024 12:53:32 UTC] PHP Notice:  ob_end_flush(): Failed to send buffer of zlib output compression (1) in C:\MAMP\htdocs\mota\wp-includes\functions.php on line 5373
[26-Mar-2024 12:53:32 UTC] PHP Notice:  ob_end_flush(): Failed to send buffer of zlib output compression (1) in C:\MAMP\htdocs\mota\wp-includes\functions.php on line 5373
[26-Mar-2024 12:54:24 UTC] PHP Notice:  ob_end_flush(): Failed to send buffer of zlib output compression (1) in C:\MAMP\htdocs\mota\wp-includes\functions.php on line 5373
[26-Mar-2024 12:54:24 UTC] PHP Notice:  ob_end_flush(): Failed to send buffer of zlib output compression (1) in C:\MAMP\htdocs\mota\wp-includes\functions.php on line 5373
[26-Mar-2024 13:04:09 UTC] PHP Notice:  ob_end_flush(): Failed to send buffer of zlib output compression (1) in C:\MAMP\htdocs\mota\wp-includes\functions.php on line 5373
[26-Mar-2024 13:04:09 UTC] PHP Notice:  ob_end_flush(): Failed to send buffer of zlib output compression (1) in C:\MAMP\htdocs\mota\wp-includes\functions.php on line 5373
[26-Mar-2024 13:07:13 UTC] PHP Notice:  ob_end_flush(): Failed to send buffer of zlib output compression (1) in C:\MAMP\htdocs\mota\wp-includes\functions.php on line 5373
[26-Mar-2024 13:07:13 UTC] PHP Notice:  ob_end_flush(): Failed to send buffer of zlib output compression (1) in C:\MAMP\htdocs\mota\wp-includes\functions.php on line 5373
[26-Mar-2024 13:07:17 UTC] PHP Notice:  ob_end_flush(): Failed to send buffer of zlib output compression (1) in C:\MAMP\htdocs\mota\wp-includes\functions.php on line 5373
[26-Mar-2024 13:07:17 UTC] PHP Notice:  ob_end_flush(): Failed to send buffer of zlib output compression (1) in C:\MAMP\htdocs\mota\wp-includes\functions.php on line 5373
[26-Mar-2024 13:07:19 UTC] PHP Notice:  ob_end_flush(): Failed to send buffer of zlib output compression (1) in C:\MAMP\htdocs\mota\wp-includes\functions.php on line 5373
[26-Mar-2024 13:07:19 UTC] PHP Notice:  ob_end_flush(): Failed to send buffer of zlib output compression (1) in C:\MAMP\htdocs\mota\wp-includes\functions.php on line 5373
[26-Mar-2024 13:09:30 UTC] PHP Notice:  ob_end_flush(): Failed to send buffer of zlib output compression (1) in C:\MAMP\htdocs\mota\wp-includes\functions.php on line 5373
[26-Mar-2024 13:09:30 UTC] PHP Notice:  ob_end_flush(): Failed to send buffer of zlib output compression (1) in C:\MAMP\htdocs\mota\wp-includes\functions.php on line 5373
[26-Mar-2024 13:09:59 UTC] PHP Notice:  ob_end_flush(): Failed to send buffer of zlib output compression (1) in C:\MAMP\htdocs\mota\wp-includes\functions.php on line 5373
[26-Mar-2024 13:09:59 UTC] PHP Notice:  ob_end_flush(): Failed to send buffer of zlib output compression (1) in C:\MAMP\htdocs\mota\wp-includes\functions.php on line 5373
[26-Mar-2024 13:15:28 UTC] PHP Notice:  ob_end_flush(): Failed to send buffer of zlib output compression (1) in C:\MAMP\htdocs\mota\wp-includes\functions.php on line 5373
[26-Mar-2024 13:15:28 UTC] PHP Notice:  ob_end_flush(): Failed to send buffer of zlib output compression (1) in C:\MAMP\htdocs\mota\wp-includes\functions.php on line 5373
[26-Mar-2024 13:15:45 UTC] PHP Warning:  Attempt to read property "title" on null in C:\MAMP\htdocs\mota\wp-includes\class-wp-customize-widgets.php on line 905
[26-Mar-2024 13:15:45 UTC] PHP Notice:  ob_end_flush(): Failed to send buffer of zlib output compression (1) in C:\MAMP\htdocs\mota\wp-includes\functions.php on line 5373
[26-Mar-2024 13:15:45 UTC] PHP Notice:  ob_end_flush(): Failed to send buffer of zlib output compression (1) in C:\MAMP\htdocs\mota\wp-includes\functions.php on line 5373
[26-Mar-2024 13:15:48 UTC] PHP Notice:  ob_end_flush(): Failed to send buffer of zlib output compression (1) in C:\MAMP\htdocs\mota\wp-includes\functions.php on line 5373
[26-Mar-2024 13:15:48 UTC] PHP Notice:  ob_end_flush(): Failed to send buffer of zlib output compression (1) in C:\MAMP\htdocs\mota\wp-includes\functions.php on line 5373
[26-Mar-2024 13:20:04 UTC] PHP Notice:  ob_end_flush(): Failed to send buffer of zlib output compression (1) in C:\MAMP\htdocs\mota\wp-includes\functions.php on line 5373
[26-Mar-2024 13:20:04 UTC] PHP Notice:  ob_end_flush(): Failed to send buffer of zlib output compression (1) in C:\MAMP\htdocs\mota\wp-includes\functions.php on line 5373
[26-Mar-2024 13:20:18 UTC] PHP Warning:  Attempt to read property "title" on null in C:\MAMP\htdocs\mota\wp-includes\class-wp-customize-widgets.php on line 905
[26-Mar-2024 13:20:18 UTC] PHP Notice:  ob_end_flush(): Failed to send buffer of zlib output compression (1) in C:\MAMP\htdocs\mota\wp-includes\functions.php on line 5373
[26-Mar-2024 13:20:18 UTC] PHP Notice:  ob_end_flush(): Failed to send buffer of zlib output compression (1) in C:\MAMP\htdocs\mota\wp-includes\functions.php on line 5373
[26-Mar-2024 13:20:20 UTC] PHP Notice:  ob_end_flush(): Failed to send buffer of zlib output compression (1) in C:\MAMP\htdocs\mota\wp-includes\functions.php on line 5373
[26-Mar-2024 13:20:20 UTC] PHP Notice:  ob_end_flush(): Failed to send buffer of zlib output compression (1) in C:\MAMP\htdocs\mota\wp-includes\functions.php on line 5373
[26-Mar-2024 13:20:48 UTC] PHP Notice:  ob_end_flush(): Failed to send buffer of zlib output compression (1) in C:\MAMP\htdocs\mota\wp-includes\functions.php on line 5373
[26-Mar-2024 13:20:48 UTC] PHP Notice:  ob_end_flush(): Failed to send buffer of zlib output compression (1) in C:\MAMP\htdocs\mota\wp-includes\functions.php on line 5373
[26-Mar-2024 13:23:51 UTC] PHP Parse error:  syntax error, unexpected token "=>", expecting ")" in C:\MAMP\htdocs\mota\wp-content\themes\mota\functions.php on line 16
[26-Mar-2024 13:23:51 UTC] PHP Warning:  Trying to access array offset on value of type bool in C:\MAMP\htdocs\mota\wp-includes\class-wp-recovery-mode-email-service.php on line 367
[26-Mar-2024 13:23:51 UTC] PHP Warning:  Trying to access array offset on value of type bool in C:\MAMP\htdocs\mota\wp-includes\class-wp-recovery-mode-email-service.php on line 368
[26-Mar-2024 13:25:51 UTC] PHP Parse error:  syntax error, unexpected token ")" in C:\MAMP\htdocs\mota\wp-content\themes\mota\functions.php on line 16
[26-Mar-2024 13:28:26 UTC] PHP Notice:  ob_end_flush(): Failed to send buffer of zlib output compression (1) in C:\MAMP\htdocs\mota\wp-includes\functions.php on line 5373
[26-Mar-2024 13:28:26 UTC] PHP Notice:  ob_end_flush(): Failed to send buffer of zlib output compression (1) in C:\MAMP\htdocs\mota\wp-includes\functions.php on line 5373
[26-Mar-2024 13:28:29 UTC] PHP Notice:  ob_end_flush(): Failed to send buffer of zlib output compression (1) in C:\MAMP\htdocs\mota\wp-includes\functions.php on line 5373
[26-Mar-2024 13:28:29 UTC] PHP Notice:  ob_end_flush(): Failed to send buffer of zlib output compression (1) in C:\MAMP\htdocs\mota\wp-includes\functions.php on line 5373
[26-Mar-2024 13:28:56 UTC] PHP Notice:  ob_end_flush(): Failed to send buffer of zlib output compression (1) in C:\MAMP\htdocs\mota\wp-includes\functions.php on line 5373
[26-Mar-2024 13:28:56 UTC] PHP Notice:  ob_end_flush(): Failed to send buffer of zlib output compression (1) in C:\MAMP\htdocs\mota\wp-includes\functions.php on line 5373
[26-Mar-2024 13:29:02 UTC] PHP Notice:  ob_end_flush(): Failed to send buffer of zlib output compression (1) in C:\MAMP\htdocs\mota\wp-includes\functions.php on line 5373
[26-Mar-2024 13:29:02 UTC] PHP Notice:  ob_end_flush(): Failed to send buffer of zlib output compression (1) in C:\MAMP\htdocs\mota\wp-includes\functions.php on line 5373
[26-Mar-2024 13:29:04 UTC] PHP Notice:  ob_end_flush(): Failed to send buffer of zlib output compression (1) in C:\MAMP\htdocs\mota\wp-includes\functions.php on line 5373
[26-Mar-2024 13:29:04 UTC] PHP Notice:  ob_end_flush(): Failed to send buffer of zlib output compression (1) in C:\MAMP\htdocs\mota\wp-includes\functions.php on line 5373
[26-Mar-2024 13:33:00 UTC] PHP Notice:  ob_end_flush(): Failed to send buffer of zlib output compression (1) in C:\MAMP\htdocs\mota\wp-includes\functions.php on line 5373
[26-Mar-2024 13:33:00 UTC] PHP Notice:  ob_end_flush(): Failed to send buffer of zlib output compression (1) in C:\MAMP\htdocs\mota\wp-includes\functions.php on line 5373
[26-Mar-2024 13:33:02 UTC] PHP Notice:  ob_end_flush(): Failed to send buffer of zlib output compression (1) in C:\MAMP\htdocs\mota\wp-includes\functions.php on line 5373
[26-Mar-2024 13:33:02 UTC] PHP Notice:  ob_end_flush(): Failed to send buffer of zlib output compression (1) in C:\MAMP\htdocs\mota\wp-includes\functions.php on line 5373
[26-Mar-2024 13:35:19 UTC] PHP Notice:  ob_end_flush(): Failed to send buffer of zlib output compression (1) in C:\MAMP\htdocs\mota\wp-includes\functions.php on line 5373
[26-Mar-2024 13:35:19 UTC] PHP Notice:  ob_end_flush(): Failed to send buffer of zlib output compression (1) in C:\MAMP\htdocs\mota\wp-includes\functions.php on line 5373
[26-Mar-2024 13:35:29 UTC] PHP Notice:  ob_end_flush(): Failed to send buffer of zlib output compression (1) in C:\MAMP\htdocs\mota\wp-includes\functions.php on line 5373
[26-Mar-2024 13:35:29 UTC] PHP Notice:  ob_end_flush(): Failed to send buffer of zlib output compression (1) in C:\MAMP\htdocs\mota\wp-includes\functions.php on line 5373
[26-Mar-2024 13:36:26 UTC] PHP Notice:  ob_end_flush(): Failed to send buffer of zlib output compression (1) in C:\MAMP\htdocs\mota\wp-includes\functions.php on line 5373
[26-Mar-2024 13:36:26 UTC] PHP Notice:  ob_end_flush(): Failed to send buffer of zlib output compression (1) in C:\MAMP\htdocs\mota\wp-includes\functions.php on line 5373
[26-Mar-2024 13:36:30 UTC] PHP Notice:  ob_end_flush(): Failed to send buffer of zlib output compression (1) in C:\MAMP\htdocs\mota\wp-includes\functions.php on line 5373
[26-Mar-2024 13:36:30 UTC] PHP Notice:  ob_end_flush(): Failed to send buffer of zlib output compression (1) in C:\MAMP\htdocs\mota\wp-includes\functions.php on line 5373
[26-Mar-2024 13:36:39 UTC] PHP Notice:  ob_end_flush(): Failed to send buffer of zlib output compression (1) in C:\MAMP\htdocs\mota\wp-includes\functions.php on line 5373
[26-Mar-2024 13:36:39 UTC] PHP Notice:  ob_end_flush(): Failed to send buffer of zlib output compression (1) in C:\MAMP\htdocs\mota\wp-includes\functions.php on line 5373
[26-Mar-2024 13:37:42 UTC] PHP Notice:  ob_end_flush(): Failed to send buffer of zlib output compression (1) in C:\MAMP\htdocs\mota\wp-includes\functions.php on line 5373
[26-Mar-2024 13:37:42 UTC] PHP Notice:  ob_end_flush(): Failed to send buffer of zlib output compression (1) in C:\MAMP\htdocs\mota\wp-includes\functions.php on line 5373
[26-Mar-2024 13:37:46 UTC] PHP Notice:  ob_end_flush(): Failed to send buffer of zlib output compression (1) in C:\MAMP\htdocs\mota\wp-includes\functions.php on line 5373
[26-Mar-2024 13:37:46 UTC] PHP Notice:  ob_end_flush(): Failed to send buffer of zlib output compression (1) in C:\MAMP\htdocs\mota\wp-includes\functions.php on line 5373
[26-Mar-2024 13:37:54 UTC] PHP Notice:  ob_end_flush(): Failed to send buffer of zlib output compression (1) in C:\MAMP\htdocs\mota\wp-includes\functions.php on line 5373
[26-Mar-2024 13:37:54 UTC] PHP Notice:  ob_end_flush(): Failed to send buffer of zlib output compression (1) in C:\MAMP\htdocs\mota\wp-includes\functions.php on line 5373
[26-Mar-2024 13:42:16 UTC] PHP Notice:  ob_end_flush(): Failed to send buffer of zlib output compression (1) in C:\MAMP\htdocs\mota\wp-includes\functions.php on line 5373
[26-Mar-2024 13:42:16 UTC] PHP Notice:  ob_end_flush(): Failed to send buffer of zlib output compression (1) in C:\MAMP\htdocs\mota\wp-includes\functions.php on line 5373
[26-Mar-2024 13:51:44 UTC] PHP Notice:  ob_end_flush(): Failed to send buffer of zlib output compression (1) in C:\MAMP\htdocs\mota\wp-includes\functions.php on line 5373
[26-Mar-2024 13:51:44 UTC] PHP Notice:  ob_end_flush(): Failed to send buffer of zlib output compression (1) in C:\MAMP\htdocs\mota\wp-includes\functions.php on line 5373
[26-Mar-2024 13:52:10 UTC] PHP Notice:  ob_end_flush(): Failed to send buffer of zlib output compression (1) in C:\MAMP\htdocs\mota\wp-includes\functions.php on line 5373
[26-Mar-2024 13:52:10 UTC] PHP Notice:  ob_end_flush(): Failed to send buffer of zlib output compression (1) in C:\MAMP\htdocs\mota\wp-includes\functions.php on line 5373
[26-Mar-2024 13:54:37 UTC] PHP Notice:  ob_end_flush(): Failed to send buffer of zlib output compression (1) in C:\MAMP\htdocs\mota\wp-includes\functions.php on line 5373
[26-Mar-2024 13:54:37 UTC] PHP Notice:  ob_end_flush(): Failed to send buffer of zlib output compression (1) in C:\MAMP\htdocs\mota\wp-includes\functions.php on line 5373
[26-Mar-2024 13:58:03 UTC] PHP Notice:  ob_end_flush(): Failed to send buffer of zlib output compression (1) in C:\MAMP\htdocs\mota\wp-includes\functions.php on line 5373
[26-Mar-2024 13:58:03 UTC] PHP Notice:  ob_end_flush(): Failed to send buffer of zlib output compression (1) in C:\MAMP\htdocs\mota\wp-includes\functions.php on line 5373
[26-Mar-2024 13:58:31 UTC] PHP Notice:  ob_end_flush(): Failed to send buffer of zlib output compression (1) in C:\MAMP\htdocs\mota\wp-includes\functions.php on line 5373
[26-Mar-2024 13:58:31 UTC] PHP Notice:  ob_end_flush(): Failed to send buffer of zlib output compression (1) in C:\MAMP\htdocs\mota\wp-includes\functions.php on line 5373
[26-Mar-2024 13:58:35 UTC] PHP Notice:  ob_end_flush(): Failed to send buffer of zlib output compression (1) in C:\MAMP\htdocs\mota\wp-includes\functions.php on line 5373
[26-Mar-2024 13:58:35 UTC] PHP Notice:  ob_end_flush(): Failed to send buffer of zlib output compression (1) in C:\MAMP\htdocs\mota\wp-includes\functions.php on line 5373
[26-Mar-2024 13:58:43 UTC] PHP Notice:  ob_end_flush(): Failed to send buffer of zlib output compression (1) in C:\MAMP\htdocs\mota\wp-includes\functions.php on line 5373
[26-Mar-2024 13:58:43 UTC] PHP Notice:  ob_end_flush(): Failed to send buffer of zlib output compression (1) in C:\MAMP\htdocs\mota\wp-includes\functions.php on line 5373
[26-Mar-2024 14:00:38 UTC] PHP Notice:  ob_end_flush(): Failed to send buffer of zlib output compression (1) in C:\MAMP\htdocs\mota\wp-includes\functions.php on line 5373
[26-Mar-2024 14:00:38 UTC] PHP Notice:  ob_end_flush(): Failed to send buffer of zlib output compression (1) in C:\MAMP\htdocs\mota\wp-includes\functions.php on line 5373
[26-Mar-2024 14:00:42 UTC] PHP Notice:  ob_end_flush(): Failed to send buffer of zlib output compression (1) in C:\MAMP\htdocs\mota\wp-includes\functions.php on line 5373
[26-Mar-2024 14:00:42 UTC] PHP Notice:  ob_end_flush(): Failed to send buffer of zlib output compression (1) in C:\MAMP\htdocs\mota\wp-includes\functions.php on line 5373
[26-Mar-2024 14:01:33 UTC] PHP Notice:  ob_end_flush(): Failed to send buffer of zlib output compression (1) in C:\MAMP\htdocs\mota\wp-includes\functions.php on line 5373
[26-Mar-2024 14:01:33 UTC] PHP Notice:  ob_end_flush(): Failed to send buffer of zlib output compression (1) in C:\MAMP\htdocs\mota\wp-includes\functions.php on line 5373
[26-Mar-2024 14:01:37 UTC] PHP Notice:  ob_end_flush(): Failed to send buffer of zlib output compression (1) in C:\MAMP\htdocs\mota\wp-includes\functions.php on line 5373
[26-Mar-2024 14:01:37 UTC] PHP Notice:  ob_end_flush(): Failed to send buffer of zlib output compression (1) in C:\MAMP\htdocs\mota\wp-includes\functions.php on line 5373
[26-Mar-2024 14:03:26 UTC] PHP Notice:  ob_end_flush(): Failed to send buffer of zlib output compression (1) in C:\MAMP\htdocs\mota\wp-includes\functions.php on line 5373
[26-Mar-2024 14:03:26 UTC] PHP Notice:  ob_end_flush(): Failed to send buffer of zlib output compression (1) in C:\MAMP\htdocs\mota\wp-includes\functions.php on line 5373
[26-Mar-2024 14:03:31 UTC] PHP Notice:  ob_end_flush(): Failed to send buffer of zlib output compression (1) in C:\MAMP\htdocs\mota\wp-includes\functions.php on line 5373
[26-Mar-2024 14:03:31 UTC] PHP Notice:  ob_end_flush(): Failed to send buffer of zlib output compression (1) in C:\MAMP\htdocs\mota\wp-includes\functions.php on line 5373
[26-Mar-2024 14:04:01 UTC] PHP Notice:  ob_end_flush(): Failed to send buffer of zlib output compression (1) in C:\MAMP\htdocs\mota\wp-includes\functions.php on line 5373
[26-Mar-2024 14:04:01 UTC] PHP Notice:  ob_end_flush(): Failed to send buffer of zlib output compression (1) in C:\MAMP\htdocs\mota\wp-includes\functions.php on line 5373
[26-Mar-2024 14:04:02 UTC] PHP Notice:  ob_end_flush(): Failed to send buffer of zlib output compression (1) in C:\MAMP\htdocs\mota\wp-includes\functions.php on line 5373
[26-Mar-2024 14:04:02 UTC] PHP Notice:  ob_end_flush(): Failed to send buffer of zlib output compression (1) in C:\MAMP\htdocs\mota\wp-includes\functions.php on line 5373
[26-Mar-2024 14:04:04 UTC] PHP Notice:  ob_end_flush(): Failed to send buffer of zlib output compression (1) in C:\MAMP\htdocs\mota\wp-includes\functions.php on line 5373
[26-Mar-2024 14:04:04 UTC] PHP Notice:  ob_end_flush(): Failed to send buffer of zlib output compression (1) in C:\MAMP\htdocs\mota\wp-includes\functions.php on line 5373
[26-Mar-2024 14:06:17 UTC] PHP Notice:  ob_end_flush(): Failed to send buffer of zlib output compression (1) in C:\MAMP\htdocs\mota\wp-includes\functions.php on line 5373
[26-Mar-2024 14:06:17 UTC] PHP Notice:  ob_end_flush(): Failed to send buffer of zlib output compression (1) in C:\MAMP\htdocs\mota\wp-includes\functions.php on line 5373
[26-Mar-2024 14:07:22 UTC] PHP Notice:  ob_end_flush(): Failed to send buffer of zlib output compression (1) in C:\MAMP\htdocs\mota\wp-includes\functions.php on line 5373
[26-Mar-2024 14:07:22 UTC] PHP Notice:  ob_end_flush(): Failed to send buffer of zlib output compression (1) in C:\MAMP\htdocs\mota\wp-includes\functions.php on line 5373
[26-Mar-2024 14:07:24 UTC] PHP Notice:  ob_end_flush(): Failed to send buffer of zlib output compression (1) in C:\MAMP\htdocs\mota\wp-includes\functions.php on line 5373
[26-Mar-2024 14:07:24 UTC] PHP Notice:  ob_end_flush(): Failed to send buffer of zlib output compression (1) in C:\MAMP\htdocs\mota\wp-includes\functions.php on line 5373
[26-Mar-2024 14:07:26 UTC] PHP Notice:  ob_end_flush(): Failed to send buffer of zlib output compression (1) in C:\MAMP\htdocs\mota\wp-includes\functions.php on line 5373
[26-Mar-2024 14:07:26 UTC] PHP Notice:  ob_end_flush(): Failed to send buffer of zlib output compression (1) in C:\MAMP\htdocs\mota\wp-includes\functions.php on line 5373
[26-Mar-2024 14:08:36 UTC] PHP Notice:  ob_end_flush(): Failed to send buffer of zlib output compression (1) in C:\MAMP\htdocs\mota\wp-includes\functions.php on line 5373
[26-Mar-2024 14:08:36 UTC] PHP Notice:  ob_end_flush(): Failed to send buffer of zlib output compression (1) in C:\MAMP\htdocs\mota\wp-includes\functions.php on line 5373
[26-Mar-2024 16:56:51 UTC] PHP Notice:  ob_end_flush(): Failed to send buffer of zlib output compression (1) in C:\MAMP\htdocs\mota\wp-includes\functions.php on line 5373
[26-Mar-2024 16:56:51 UTC] PHP Notice:  ob_end_flush(): Failed to send buffer of zlib output compression (1) in C:\MAMP\htdocs\mota\wp-includes\functions.php on line 5373
[26-Mar-2024 16:56:51 UTC] PHP Notice:  ob_end_flush(): Failed to send buffer of zlib output compression (1) in C:\MAMP\htdocs\mota\wp-includes\functions.php on line 5373
[26-Mar-2024 16:56:51 UTC] PHP Notice:  ob_end_flush(): Failed to send buffer of zlib output compression (1) in C:\MAMP\htdocs\mota\wp-includes\functions.php on line 5373
[26-Mar-2024 17:00:58 UTC] PHP Notice:  ob_end_flush(): Failed to send buffer of zlib output compression (1) in C:\MAMP\htdocs\mota\wp-includes\functions.php on line 5373
[26-Mar-2024 17:00:58 UTC] PHP Notice:  ob_end_flush(): Failed to send buffer of zlib output compression (1) in C:\MAMP\htdocs\mota\wp-includes\functions.php on line 5373
[26-Mar-2024 17:01:31 UTC] PHP Notice:  ob_end_flush(): Failed to send buffer of zlib output compression (1) in C:\MAMP\htdocs\mota\wp-includes\functions.php on line 5373
[26-Mar-2024 17:01:31 UTC] PHP Notice:  ob_end_flush(): Failed to send buffer of zlib output compression (1) in C:\MAMP\htdocs\mota\wp-includes\functions.php on line 5373
[26-Mar-2024 17:01:33 UTC] PHP Notice:  ob_end_flush(): Failed to send buffer of zlib output compression (1) in C:\MAMP\htdocs\mota\wp-includes\functions.php on line 5373
[26-Mar-2024 17:01:33 UTC] PHP Notice:  ob_end_flush(): Failed to send buffer of zlib output compression (1) in C:\MAMP\htdocs\mota\wp-includes\functions.php on line 5373
[26-Mar-2024 17:02:04 UTC] PHP Notice:  ob_end_flush(): Failed to send buffer of zlib output compression (1) in C:\MAMP\htdocs\mota\wp-includes\functions.php on line 5373
[26-Mar-2024 17:02:04 UTC] PHP Notice:  ob_end_flush(): Failed to send buffer of zlib output compression (1) in C:\MAMP\htdocs\mota\wp-includes\functions.php on line 5373
[26-Mar-2024 17:02:41 UTC] PHP Notice:  ob_end_flush(): Failed to send buffer of zlib output compression (1) in C:\MAMP\htdocs\mota\wp-includes\functions.php on line 5373
[26-Mar-2024 17:02:41 UTC] PHP Notice:  ob_end_flush(): Failed to send buffer of zlib output compression (1) in C:\MAMP\htdocs\mota\wp-includes\functions.php on line 5373
[26-Mar-2024 17:04:38 UTC] PHP Notice:  ob_end_flush(): Failed to send buffer of zlib output compression (1) in C:\MAMP\htdocs\mota\wp-includes\functions.php on line 5373
[26-Mar-2024 17:04:38 UTC] PHP Notice:  ob_end_flush(): Failed to send buffer of zlib output compression (1) in C:\MAMP\htdocs\mota\wp-includes\functions.php on line 5373
[26-Mar-2024 17:05:06 UTC] PHP Notice:  ob_end_flush(): Failed to send buffer of zlib output compression (1) in C:\MAMP\htdocs\mota\wp-includes\functions.php on line 5373
[26-Mar-2024 17:05:06 UTC] PHP Notice:  ob_end_flush(): Failed to send buffer of zlib output compression (1) in C:\MAMP\htdocs\mota\wp-includes\functions.php on line 5373
[26-Mar-2024 17:05:17 UTC] PHP Notice:  ob_end_flush(): Failed to send buffer of zlib output compression (1) in C:\MAMP\htdocs\mota\wp-includes\functions.php on line 5373
[26-Mar-2024 17:05:17 UTC] PHP Notice:  ob_end_flush(): Failed to send buffer of zlib output compression (1) in C:\MAMP\htdocs\mota\wp-includes\functions.php on line 5373
[26-Mar-2024 17:05:21 UTC] PHP Notice:  ob_end_flush(): Failed to send buffer of zlib output compression (1) in C:\MAMP\htdocs\mota\wp-includes\functions.php on line 5373
[26-Mar-2024 17:05:21 UTC] PHP Notice:  ob_end_flush(): Failed to send buffer of zlib output compression (1) in C:\MAMP\htdocs\mota\wp-includes\functions.php on line 5373
[26-Mar-2024 17:05:27 UTC] PHP Notice:  ob_end_flush(): Failed to send buffer of zlib output compression (1) in C:\MAMP\htdocs\mota\wp-includes\functions.php on line 5373
[26-Mar-2024 17:05:27 UTC] PHP Notice:  ob_end_flush(): Failed to send buffer of zlib output compression (1) in C:\MAMP\htdocs\mota\wp-includes\functions.php on line 5373
[26-Mar-2024 17:05:58 UTC] PHP Notice:  ob_end_flush(): Failed to send buffer of zlib output compression (1) in C:\MAMP\htdocs\mota\wp-includes\functions.php on line 5373
[26-Mar-2024 17:05:58 UTC] PHP Notice:  ob_end_flush(): Failed to send buffer of zlib output compression (1) in C:\MAMP\htdocs\mota\wp-includes\functions.php on line 5373
[26-Mar-2024 17:06:00 UTC] PHP Notice:  ob_end_flush(): Failed to send buffer of zlib output compression (1) in C:\MAMP\htdocs\mota\wp-includes\functions.php on line 5373
[26-Mar-2024 17:06:00 UTC] PHP Notice:  ob_end_flush(): Failed to send buffer of zlib output compression (1) in C:\MAMP\htdocs\mota\wp-includes\functions.php on line 5373
[26-Mar-2024 17:06:02 UTC] PHP Notice:  ob_end_flush(): Failed to send buffer of zlib output compression (1) in C:\MAMP\htdocs\mota\wp-includes\functions.php on line 5373
[26-Mar-2024 17:06:02 UTC] PHP Notice:  ob_end_flush(): Failed to send buffer of zlib output compression (1) in C:\MAMP\htdocs\mota\wp-includes\functions.php on line 5373
[26-Mar-2024 17:08:14 UTC] PHP Notice:  ob_end_flush(): Failed to send buffer of zlib output compression (1) in C:\MAMP\htdocs\mota\wp-includes\functions.php on line 5373
[26-Mar-2024 17:08:14 UTC] PHP Notice:  ob_end_flush(): Failed to send buffer of zlib output compression (1) in C:\MAMP\htdocs\mota\wp-includes\functions.php on line 5373
[26-Mar-2024 17:08:47 UTC] PHP Notice:  ob_end_flush(): Failed to send buffer of zlib output compression (1) in C:\MAMP\htdocs\mota\wp-includes\functions.php on line 5373
[26-Mar-2024 17:08:47 UTC] PHP Notice:  ob_end_flush(): Failed to send buffer of zlib output compression (1) in C:\MAMP\htdocs\mota\wp-includes\functions.php on line 5373
[26-Mar-2024 17:08:57 UTC] PHP Notice:  ob_end_flush(): Failed to send buffer of zlib output compression (1) in C:\MAMP\htdocs\mota\wp-includes\functions.php on line 5373
[26-Mar-2024 17:08:57 UTC] PHP Notice:  ob_end_flush(): Failed to send buffer of zlib output compression (1) in C:\MAMP\htdocs\mota\wp-includes\functions.php on line 5373
[26-Mar-2024 17:22:17 UTC] PHP Notice:  ob_end_flush(): Failed to send buffer of zlib output compression (1) in C:\MAMP\htdocs\mota\wp-includes\functions.php on line 5373
[26-Mar-2024 17:22:17 UTC] PHP Notice:  ob_end_flush(): Failed to send buffer of zlib output compression (1) in C:\MAMP\htdocs\mota\wp-includes\functions.php on line 5373
[26-Mar-2024 17:22:31 UTC] PHP Notice:  ob_end_flush(): Failed to send buffer of zlib output compression (1) in C:\MAMP\htdocs\mota\wp-includes\functions.php on line 5373
[26-Mar-2024 17:22:31 UTC] PHP Notice:  ob_end_flush(): Failed to send buffer of zlib output compression (1) in C:\MAMP\htdocs\mota\wp-includes\functions.php on line 5373
[26-Mar-2024 17:27:25 UTC] PHP Notice:  ob_end_flush(): Failed to send buffer of zlib output compression (1) in C:\MAMP\htdocs\mota\wp-includes\functions.php on line 5373
[26-Mar-2024 17:27:25 UTC] PHP Notice:  ob_end_flush(): Failed to send buffer of zlib output compression (1) in C:\MAMP\htdocs\mota\wp-includes\functions.php on line 5373
[26-Mar-2024 17:28:33 UTC] PHP Notice:  ob_end_flush(): Failed to send buffer of zlib output compression (1) in C:\MAMP\htdocs\mota\wp-includes\functions.php on line 5373
[26-Mar-2024 17:28:33 UTC] PHP Notice:  ob_end_flush(): Failed to send buffer of zlib output compression (1) in C:\MAMP\htdocs\mota\wp-includes\functions.php on line 5373
[26-Mar-2024 17:28:41 UTC] PHP Notice:  ob_end_flush(): Failed to send buffer of zlib output compression (1) in C:\MAMP\htdocs\mota\wp-includes\functions.php on line 5373
[26-Mar-2024 17:28:41 UTC] PHP Notice:  ob_end_flush(): Failed to send buffer of zlib output compression (1) in C:\MAMP\htdocs\mota\wp-includes\functions.php on line 5373
[26-Mar-2024 17:28:45 UTC] PHP Notice:  ob_end_flush(): Failed to send buffer of zlib output compression (1) in C:\MAMP\htdocs\mota\wp-includes\functions.php on line 5373
[26-Mar-2024 17:28:45 UTC] PHP Notice:  ob_end_flush(): Failed to send buffer of zlib output compression (1) in C:\MAMP\htdocs\mota\wp-includes\functions.php on line 5373
[26-Mar-2024 17:34:30 UTC] PHP Notice:  ob_end_flush(): Failed to send buffer of zlib output compression (1) in C:\MAMP\htdocs\mota\wp-includes\functions.php on line 5373
[26-Mar-2024 17:34:30 UTC] PHP Notice:  ob_end_flush(): Failed to send buffer of zlib output compression (1) in C:\MAMP\htdocs\mota\wp-includes\functions.php on line 5373
[26-Mar-2024 17:35:14 UTC] PHP Notice:  ob_end_flush(): Failed to send buffer of zlib output compression (1) in C:\MAMP\htdocs\mota\wp-includes\functions.php on line 5373
[26-Mar-2024 17:35:14 UTC] PHP Notice:  ob_end_flush(): Failed to send buffer of zlib output compression (1) in C:\MAMP\htdocs\mota\wp-includes\functions.php on line 5373
[26-Mar-2024 18:02:16 UTC] PHP Notice:  ob_end_flush(): Failed to send buffer of zlib output compression (1) in C:\MAMP\htdocs\mota\wp-includes\functions.php on line 5373
[26-Mar-2024 18:02:16 UTC] PHP Notice:  ob_end_flush(): Failed to send buffer of zlib output compression (1) in C:\MAMP\htdocs\mota\wp-includes\functions.php on line 5373
[26-Mar-2024 18:11:46 UTC] PHP Notice:  ob_end_flush(): Failed to send buffer of zlib output compression (1) in C:\MAMP\htdocs\mota\wp-includes\functions.php on line 5373
[26-Mar-2024 18:11:46 UTC] PHP Notice:  ob_end_flush(): Failed to send buffer of zlib output compression (1) in C:\MAMP\htdocs\mota\wp-includes\functions.php on line 5373
[26-Mar-2024 18:11:53 UTC] PHP Notice:  ob_end_flush(): Failed to send buffer of zlib output compression (1) in C:\MAMP\htdocs\mota\wp-includes\functions.php on line 5373
[26-Mar-2024 18:11:53 UTC] PHP Notice:  ob_end_flush(): Failed to send buffer of zlib output compression (1) in C:\MAMP\htdocs\mota\wp-includes\functions.php on line 5373
[26-Mar-2024 18:15:03 UTC] PHP Notice:  ob_end_flush(): Failed to send buffer of zlib output compression (1) in C:\MAMP\htdocs\mota\wp-includes\functions.php on line 5373
[26-Mar-2024 18:15:03 UTC] PHP Notice:  ob_end_flush(): Failed to send buffer of zlib output compression (1) in C:\MAMP\htdocs\mota\wp-includes\functions.php on line 5373
[26-Mar-2024 18:19:19 UTC] PHP Notice:  ob_end_flush(): Failed to send buffer of zlib output compression (1) in C:\MAMP\htdocs\mota\wp-includes\functions.php on line 5373
[26-Mar-2024 18:19:19 UTC] PHP Notice:  ob_end_flush(): Failed to send buffer of zlib output compression (1) in C:\MAMP\htdocs\mota\wp-includes\functions.php on line 5373
[26-Mar-2024 18:19:30 UTC] PHP Notice:  ob_end_flush(): Failed to send buffer of zlib output compression (1) in C:\MAMP\htdocs\mota\wp-includes\functions.php on line 5373
[26-Mar-2024 18:19:30 UTC] PHP Notice:  ob_end_flush(): Failed to send buffer of zlib output compression (1) in C:\MAMP\htdocs\mota\wp-includes\functions.php on line 5373
[26-Mar-2024 18:19:35 UTC] PHP Notice:  ob_end_flush(): Failed to send buffer of zlib output compression (1) in C:\MAMP\htdocs\mota\wp-includes\functions.php on line 5373
[26-Mar-2024 18:19:35 UTC] PHP Notice:  ob_end_flush(): Failed to send buffer of zlib output compression (1) in C:\MAMP\htdocs\mota\wp-includes\functions.php on line 5373
[26-Mar-2024 18:20:48 UTC] PHP Notice:  ob_end_flush(): Failed to send buffer of zlib output compression (1) in C:\MAMP\htdocs\mota\wp-includes\functions.php on line 5373
[26-Mar-2024 18:20:48 UTC] PHP Notice:  ob_end_flush(): Failed to send buffer of zlib output compression (1) in C:\MAMP\htdocs\mota\wp-includes\functions.php on line 5373
[26-Mar-2024 18:21:14 UTC] PHP Notice:  ob_end_flush(): Failed to send buffer of zlib output compression (1) in C:\MAMP\htdocs\mota\wp-includes\functions.php on line 5373
[26-Mar-2024 18:21:14 UTC] PHP Notice:  ob_end_flush(): Failed to send buffer of zlib output compression (1) in C:\MAMP\htdocs\mota\wp-includes\functions.php on line 5373
[26-Mar-2024 18:24:45 UTC] PHP Notice:  ob_end_flush(): Failed to send buffer of zlib output compression (1) in C:\MAMP\htdocs\mota\wp-includes\functions.php on line 5373
[26-Mar-2024 18:24:45 UTC] PHP Notice:  ob_end_flush(): Failed to send buffer of zlib output compression (1) in C:\MAMP\htdocs\mota\wp-includes\functions.php on line 5373
[26-Mar-2024 18:28:13 UTC] PHP Notice:  ob_end_flush(): Failed to send buffer of zlib output compression (1) in C:\MAMP\htdocs\mota\wp-includes\functions.php on line 5373
[26-Mar-2024 18:28:13 UTC] PHP Notice:  ob_end_flush(): Failed to send buffer of zlib output compression (1) in C:\MAMP\htdocs\mota\wp-includes\functions.php on line 5373
[26-Mar-2024 18:30:24 UTC] PHP Notice:  ob_end_flush(): Failed to send buffer of zlib output compression (1) in C:\MAMP\htdocs\mota\wp-includes\functions.php on line 5373
[26-Mar-2024 18:30:24 UTC] PHP Notice:  ob_end_flush(): Failed to send buffer of zlib output compression (1) in C:\MAMP\htdocs\mota\wp-includes\functions.php on line 5373
[26-Mar-2024 18:35:18 UTC] PHP Notice:  ob_end_flush(): Failed to send buffer of zlib output compression (1) in C:\MAMP\htdocs\mota\wp-includes\functions.php on line 5373
[26-Mar-2024 18:35:18 UTC] PHP Notice:  ob_end_flush(): Failed to send buffer of zlib output compression (1) in C:\MAMP\htdocs\mota\wp-includes\functions.php on line 5373
[26-Mar-2024 18:35:33 UTC] PHP Notice:  ob_end_flush(): Failed to send buffer of zlib output compression (1) in C:\MAMP\htdocs\mota\wp-includes\functions.php on line 5373
[26-Mar-2024 18:35:33 UTC] PHP Notice:  ob_end_flush(): Failed to send buffer of zlib output compression (1) in C:\MAMP\htdocs\mota\wp-includes\functions.php on line 5373
[26-Mar-2024 18:36:10 UTC] PHP Notice:  ob_end_flush(): Failed to send buffer of zlib output compression (1) in C:\MAMP\htdocs\mota\wp-includes\functions.php on line 5373
[26-Mar-2024 18:36:10 UTC] PHP Notice:  ob_end_flush(): Failed to send buffer of zlib output compression (1) in C:\MAMP\htdocs\mota\wp-includes\functions.php on line 5373
[26-Mar-2024 18:36:22 UTC] PHP Notice:  ob_end_flush(): Failed to send buffer of zlib output compression (1) in C:\MAMP\htdocs\mota\wp-includes\functions.php on line 5373
[26-Mar-2024 18:36:22 UTC] PHP Notice:  ob_end_flush(): Failed to send buffer of zlib output compression (1) in C:\MAMP\htdocs\mota\wp-includes\functions.php on line 5373
[26-Mar-2024 18:40:51 UTC] PHP Notice:  ob_end_flush(): Failed to send buffer of zlib output compression (1) in C:\MAMP\htdocs\mota\wp-includes\functions.php on line 5373
[26-Mar-2024 18:40:51 UTC] PHP Notice:  ob_end_flush(): Failed to send buffer of zlib output compression (1) in C:\MAMP\htdocs\mota\wp-includes\functions.php on line 5373
[26-Mar-2024 18:41:09 UTC] PHP Notice:  ob_end_flush(): Failed to send buffer of zlib output compression (1) in C:\MAMP\htdocs\mota\wp-includes\functions.php on line 5373
[26-Mar-2024 18:41:09 UTC] PHP Notice:  ob_end_flush(): Failed to send buffer of zlib output compression (1) in C:\MAMP\htdocs\mota\wp-includes\functions.php on line 5373
[26-Mar-2024 18:44:32 UTC] PHP Notice:  ob_end_flush(): Failed to send buffer of zlib output compression (1) in C:\MAMP\htdocs\mota\wp-includes\functions.php on line 5373
[26-Mar-2024 18:44:32 UTC] PHP Notice:  ob_end_flush(): Failed to send buffer of zlib output compression (1) in C:\MAMP\htdocs\mota\wp-includes\functions.php on line 5373
[26-Mar-2024 18:46:46 UTC] PHP Notice:  ob_end_flush(): Failed to send buffer of zlib output compression (1) in C:\MAMP\htdocs\mota\wp-includes\functions.php on line 5373
[26-Mar-2024 18:46:46 UTC] PHP Notice:  ob_end_flush(): Failed to send buffer of zlib output compression (1) in C:\MAMP\htdocs\mota\wp-includes\functions.php on line 5373
[26-Mar-2024 18:48:25 UTC] PHP Notice:  ob_end_flush(): Failed to send buffer of zlib output compression (1) in C:\MAMP\htdocs\mota\wp-includes\functions.php on line 5373
[26-Mar-2024 18:48:25 UTC] PHP Notice:  ob_end_flush(): Failed to send buffer of zlib output compression (1) in C:\MAMP\htdocs\mota\wp-includes\functions.php on line 5373
[26-Mar-2024 18:49:09 UTC] PHP Notice:  ob_end_flush(): Failed to send buffer of zlib output compression (1) in C:\MAMP\htdocs\mota\wp-includes\functions.php on line 5373
[26-Mar-2024 18:49:09 UTC] PHP Notice:  ob_end_flush(): Failed to send buffer of zlib output compression (1) in C:\MAMP\htdocs\mota\wp-includes\functions.php on line 5373
[26-Mar-2024 18:51:16 UTC] PHP Notice:  ob_end_flush(): Failed to send buffer of zlib output compression (1) in C:\MAMP\htdocs\mota\wp-includes\functions.php on line 5373
[26-Mar-2024 18:51:16 UTC] PHP Notice:  ob_end_flush(): Failed to send buffer of zlib output compression (1) in C:\MAMP\htdocs\mota\wp-includes\functions.php on line 5373
[26-Mar-2024 18:51:39 UTC] PHP Notice:  ob_end_flush(): Failed to send buffer of zlib output compression (1) in C:\MAMP\htdocs\mota\wp-includes\functions.php on line 5373
[26-Mar-2024 18:51:39 UTC] PHP Notice:  ob_end_flush(): Failed to send buffer of zlib output compression (1) in C:\MAMP\htdocs\mota\wp-includes\functions.php on line 5373
[28-Mar-2024 14:50:43 UTC] PHP Notice:  ob_end_flush(): Failed to send buffer of zlib output compression (1) in C:\MAMP\htdocs\mota\wp-includes\functions.php on line 5373
[28-Mar-2024 14:50:43 UTC] PHP Notice:  ob_end_flush(): Failed to send buffer of zlib output compression (1) in C:\MAMP\htdocs\mota\wp-includes\functions.php on line 5373
[28-Mar-2024 14:50:46 UTC] PHP Warning:  Une erreur imprvue est survenue. Il pourrait y avoir un problme avec WordPress.org ou la configuration de ce serveur. Si vous continuez  rencontrer ce problme, veuillez vous rendre sur les <a href="https://wpfr.net/support">forums de support</a>. (WordPress na pas pu tablir de connexion scurise vers WordPress.org. Veuillez contacter ladministrateur ou ladministratrice de votre serveur.) in C:\MAMP\htdocs\mota\wp-includes\update.php on line 449
[28-Mar-2024 14:50:49 UTC] PHP Notice:  ob_end_flush(): Failed to send buffer of zlib output compression (1) in C:\MAMP\htdocs\mota\wp-includes\functions.php on line 5373
[28-Mar-2024 14:50:49 UTC] PHP Notice:  ob_end_flush(): Failed to send buffer of zlib output compression (1) in C:\MAMP\htdocs\mota\wp-includes\functions.php on line 5373
[28-Mar-2024 14:51:10 UTC] PHP Notice:  ob_end_flush(): Failed to send buffer of zlib output compression (1) in C:\MAMP\htdocs\mota\wp-includes\functions.php on line 5373
[28-Mar-2024 14:51:10 UTC] PHP Notice:  ob_end_flush(): Failed to send buffer of zlib output compression (1) in C:\MAMP\htdocs\mota\wp-includes\functions.php on line 5373
[28-Mar-2024 14:51:10 UTC] PHP Notice:  ob_end_flush(): Failed to send buffer of zlib output compression (1) in C:\MAMP\htdocs\mota\wp-includes\functions.php on line 5373
[28-Mar-2024 14:51:10 UTC] PHP Notice:  ob_end_flush(): Failed to send buffer of zlib output compression (1) in C:\MAMP\htdocs\mota\wp-includes\functions.php on line 5373
[28-Mar-2024 14:51:11 UTC] PHP Notice:  ob_end_flush(): Failed to send buffer of zlib output compression (1) in C:\MAMP\htdocs\mota\wp-includes\functions.php on line 5373
[28-Mar-2024 14:51:11 UTC] PHP Notice:  ob_end_flush(): Failed to send buffer of zlib output compression (1) in C:\MAMP\htdocs\mota\wp-includes\functions.php on line 5373
[28-Mar-2024 14:52:00 UTC] PHP Notice:  ob_end_flush(): Failed to send buffer of zlib output compression (1) in C:\MAMP\htdocs\mota\wp-includes\functions.php on line 5373
[28-Mar-2024 14:52:00 UTC] PHP Notice:  ob_end_flush(): Failed to send buffer of zlib output compression (1) in C:\MAMP\htdocs\mota\wp-includes\functions.php on line 5373
[28-Mar-2024 14:52:07 UTC] PHP Notice:  ob_end_flush(): Failed to send buffer of zlib output compression (1) in C:\MAMP\htdocs\mota\wp-includes\functions.php on line 5373
[28-Mar-2024 14:52:07 UTC] PHP Notice:  ob_end_flush(): Failed to send buffer of zlib output compression (1) in C:\MAMP\htdocs\mota\wp-includes\functions.php on line 5373
[28-Mar-2024 14:52:14 UTC] PHP Notice:  ob_end_flush(): Failed to send buffer of zlib output compression (1) in C:\MAMP\htdocs\mota\wp-includes\functions.php on line 5373
[28-Mar-2024 14:52:14 UTC] PHP Notice:  ob_end_flush(): Failed to send buffer of zlib output compression (1) in C:\MAMP\htdocs\mota\wp-includes\functions.php on line 5373
[28-Mar-2024 14:52:17 UTC] PHP Notice:  ob_end_flush(): Failed to send buffer of zlib output compression (1) in C:\MAMP\htdocs\mota\wp-includes\functions.php on line 5373
[28-Mar-2024 14:52:17 UTC] PHP Notice:  ob_end_flush(): Failed to send buffer of zlib output compression (1) in C:\MAMP\htdocs\mota\wp-includes\functions.php on line 5373
[28-Mar-2024 14:52:54 UTC] PHP Notice:  ob_end_flush(): Failed to send buffer of zlib output compression (1) in C:\MAMP\htdocs\mota\wp-includes\functions.php on line 5373
[28-Mar-2024 14:52:54 UTC] PHP Notice:  ob_end_flush(): Failed to send buffer of zlib output compression (1) in C:\MAMP\htdocs\mota\wp-includes\functions.php on line 5373
[28-Mar-2024 14:53:02 UTC] PHP Notice:  ob_end_flush(): Failed to send buffer of zlib output compression (1) in C:\MAMP\htdocs\mota\wp-includes\functions.php on line 5373
[28-Mar-2024 14:53:02 UTC] PHP Notice:  ob_end_flush(): Failed to send buffer of zlib output compression (1) in C:\MAMP\htdocs\mota\wp-includes\functions.php on line 5373
[28-Mar-2024 14:53:04 UTC] PHP Notice:  ob_end_flush(): Failed to send buffer of zlib output compression (1) in C:\MAMP\htdocs\mota\wp-includes\functions.php on line 5373
[28-Mar-2024 14:53:04 UTC] PHP Notice:  ob_end_flush(): Failed to send buffer of zlib output compression (1) in C:\MAMP\htdocs\mota\wp-includes\functions.php on line 5373
[28-Mar-2024 14:53:21 UTC] PHP Notice:  ob_end_flush(): Failed to send buffer of zlib output compression (1) in C:\MAMP\htdocs\mota\wp-includes\functions.php on line 5373
[28-Mar-2024 14:53:21 UTC] PHP Notice:  ob_end_flush(): Failed to send buffer of zlib output compression (1) in C:\MAMP\htdocs\mota\wp-includes\functions.php on line 5373
[28-Mar-2024 14:53:25 UTC] PHP Notice:  ob_end_flush(): Failed to send buffer of zlib output compression (1) in C:\MAMP\htdocs\mota\wp-includes\functions.php on line 5373
[28-Mar-2024 14:53:25 UTC] PHP Notice:  ob_end_flush(): Failed to send buffer of zlib output compression (1) in C:\MAMP\htdocs\mota\wp-includes\functions.php on line 5373
[28-Mar-2024 14:53:27 UTC] PHP Notice:  ob_end_flush(): Failed to send buffer of zlib output compression (1) in C:\MAMP\htdocs\mota\wp-includes\functions.php on line 5373
[28-Mar-2024 14:53:27 UTC] PHP Notice:  ob_end_flush(): Failed to send buffer of zlib output compression (1) in C:\MAMP\htdocs\mota\wp-includes\functions.php on line 5373
[28-Mar-2024 14:53:27 UTC] PHP Notice:  ob_end_flush(): Failed to send buffer of zlib output compression (1) in C:\MAMP\htdocs\mota\wp-includes\functions.php on line 5373
[28-Mar-2024 14:53:27 UTC] PHP Notice:  ob_end_flush(): Failed to send buffer of zlib output compression (1) in C:\MAMP\htdocs\mota\wp-includes\functions.php on line 5373
[28-Mar-2024 14:53:27 UTC] PHP Notice:  ob_end_flush(): Failed to send buffer of zlib output compression (1) in C:\MAMP\htdocs\mota\wp-includes\functions.php on line 5373
[28-Mar-2024 14:53:27 UTC] PHP Notice:  ob_end_flush(): Failed to send buffer of zlib output compression (1) in C:\MAMP\htdocs\mota\wp-includes\functions.php on line 5373
[28-Mar-2024 14:53:27 UTC] PHP Notice:  ob_end_flush(): Failed to send buffer of zlib output compression (1) in C:\MAMP\htdocs\mota\wp-includes\functions.php on line 5373
[28-Mar-2024 14:53:27 UTC] PHP Notice:  ob_end_flush(): Failed to send buffer of zlib output compression (1) in C:\MAMP\htdocs\mota\wp-includes\functions.php on line 5373
[28-Mar-2024 14:53:27 UTC] PHP Notice:  ob_end_flush(): Failed to send buffer of zlib output compression (1) in C:\MAMP\htdocs\mota\wp-includes\functions.php on line 5373
[28-Mar-2024 14:53:27 UTC] PHP Notice:  ob_end_flush(): Failed to send buffer of zlib output compression (1) in C:\MAMP\htdocs\mota\wp-includes\functions.php on line 5373
[28-Mar-2024 14:53:27 UTC] PHP Notice:  ob_end_flush(): Failed to send buffer of zlib output compression (1) in C:\MAMP\htdocs\mota\wp-includes\functions.php on line 5373
[28-Mar-2024 14:53:27 UTC] PHP Notice:  ob_end_flush(): Failed to send buffer of zlib output compression (1) in C:\MAMP\htdocs\mota\wp-includes\functions.php on line 5373
[28-Mar-2024 14:53:32 UTC] PHP Notice:  ob_end_flush(): Failed to send buffer of zlib output compression (1) in C:\MAMP\htdocs\mota\wp-includes\functions.php on line 5373
[28-Mar-2024 14:53:32 UTC] PHP Notice:  ob_end_flush(): Failed to send buffer of zlib output compression (1) in C:\MAMP\htdocs\mota\wp-includes\functions.php on line 5373
[28-Mar-2024 14:53:52 UTC] PHP Notice:  ob_end_flush(): Failed to send buffer of zlib output compression (1) in C:\MAMP\htdocs\mota\wp-includes\functions.php on line 5373
[28-Mar-2024 14:53:52 UTC] PHP Notice:  ob_end_flush(): Failed to send buffer of zlib output compression (1) in C:\MAMP\htdocs\mota\wp-includes\functions.php on line 5373
[28-Mar-2024 14:53:52 UTC] PHP Notice:  ob_end_flush(): Failed to send buffer of zlib output compression (1) in C:\MAMP\htdocs\mota\wp-includes\functions.php on line 5373
[28-Mar-2024 14:53:52 UTC] PHP Notice:  ob_end_flush(): Failed to send buffer of zlib output compression (1) in C:\MAMP\htdocs\mota\wp-includes\functions.php on line 5373
[28-Mar-2024 14:53:55 UTC] PHP Notice:  ob_end_flush(): Failed to send buffer of zlib output compression (1) in C:\MAMP\htdocs\mota\wp-includes\functions.php on line 5373
[28-Mar-2024 14:53:55 UTC] PHP Notice:  ob_end_flush(): Failed to send buffer of zlib output compression (1) in C:\MAMP\htdocs\mota\wp-includes\functions.php on line 5373
[28-Mar-2024 14:53:56 UTC] PHP Notice:  ob_end_flush(): Failed to send buffer of zlib output compression (1) in C:\MAMP\htdocs\mota\wp-includes\functions.php on line 5373
[28-Mar-2024 14:53:56 UTC] PHP Notice:  ob_end_flush(): Failed to send buffer of zlib output compression (1) in C:\MAMP\htdocs\mota\wp-includes\functions.php on line 5373
[28-Mar-2024 14:53:57 UTC] PHP Notice:  ob_end_flush(): Failed to send buffer of zlib output compression (1) in C:\MAMP\htdocs\mota\wp-includes\functions.php on line 5373
[28-Mar-2024 14:53:57 UTC] PHP Notice:  ob_end_flush(): Failed to send buffer of zlib output compression (1) in C:\MAMP\htdocs\mota\wp-includes\functions.php on line 5373
[28-Mar-2024 14:53:59 UTC] PHP Notice:  ob_end_flush(): Failed to send buffer of zlib output compression (1) in C:\MAMP\htdocs\mota\wp-includes\functions.php on line 5373
[28-Mar-2024 14:53:59 UTC] PHP Notice:  ob_end_flush(): Failed to send buffer of zlib output compression (1) in C:\MAMP\htdocs\mota\wp-includes\functions.php on line 5373
[28-Mar-2024 15:03:02 UTC] PHP Notice:  ob_end_flush(): Failed to send buffer of zlib output compression (1) in C:\MAMP\htdocs\mota\wp-includes\functions.php on line 5373
[28-Mar-2024 15:03:02 UTC] PHP Notice:  ob_end_flush(): Failed to send buffer of zlib output compression (1) in C:\MAMP\htdocs\mota\wp-includes\functions.php on line 5373
[28-Mar-2024 15:04:59 UTC] PHP Notice:  ob_end_flush(): Failed to send buffer of zlib output compression (1) in C:\MAMP\htdocs\mota\wp-includes\functions.php on line 5373
[28-Mar-2024 15:04:59 UTC] PHP Notice:  ob_end_flush(): Failed to send buffer of zlib output compression (1) in C:\MAMP\htdocs\mota\wp-includes\functions.php on line 5373
[28-Mar-2024 15:08:15 UTC] PHP Notice:  ob_end_flush(): Failed to send buffer of zlib output compression (1) in C:\MAMP\htdocs\mota\wp-includes\functions.php on line 5373
[28-Mar-2024 15:08:15 UTC] PHP Notice:  ob_end_flush(): Failed to send buffer of zlib output compression (1) in C:\MAMP\htdocs\mota\wp-includes\functions.php on line 5373
[28-Mar-2024 15:08:38 UTC] PHP Notice:  ob_end_flush(): Failed to send buffer of zlib output compression (1) in C:\MAMP\htdocs\mota\wp-includes\functions.php on line 5373
[28-Mar-2024 15:08:38 UTC] PHP Notice:  ob_end_flush(): Failed to send buffer of zlib output compression (1) in C:\MAMP\htdocs\mota\wp-includes\functions.php on line 5373
[28-Mar-2024 15:09:04 UTC] PHP Notice:  ob_end_flush(): Failed to send buffer of zlib output compression (1) in C:\MAMP\htdocs\mota\wp-includes\functions.php on line 5373
[28-Mar-2024 15:09:04 UTC] PHP Notice:  ob_end_flush(): Failed to send buffer of zlib output compression (1) in C:\MAMP\htdocs\mota\wp-includes\functions.php on line 5373
[28-Mar-2024 15:09:36 UTC] PHP Notice:  ob_end_flush(): Failed to send buffer of zlib output compression (1) in C:\MAMP\htdocs\mota\wp-includes\functions.php on line 5373
[28-Mar-2024 15:09:36 UTC] PHP Notice:  ob_end_flush(): Failed to send buffer of zlib output compression (1) in C:\MAMP\htdocs\mota\wp-includes\functions.php on line 5373
[28-Mar-2024 15:11:21 UTC] PHP Notice:  ob_end_flush(): Failed to send buffer of zlib output compression (1) in C:\MAMP\htdocs\mota\wp-includes\functions.php on line 5373
[28-Mar-2024 15:11:21 UTC] PHP Notice:  ob_end_flush(): Failed to send buffer of zlib output compression (1) in C:\MAMP\htdocs\mota\wp-includes\functions.php on line 5373
[28-Mar-2024 15:17:45 UTC] PHP Notice:  ob_end_flush(): Failed to send buffer of zlib output compression (1) in C:\MAMP\htdocs\mota\wp-includes\functions.php on line 5373
[28-Mar-2024 15:17:45 UTC] PHP Notice:  ob_end_flush(): Failed to send buffer of zlib output compression (1) in C:\MAMP\htdocs\mota\wp-includes\functions.php on line 5373
[28-Mar-2024 15:28:18 UTC] PHP Notice:  ob_end_flush(): Failed to send buffer of zlib output compression (1) in C:\MAMP\htdocs\mota\wp-includes\functions.php on line 5373
[28-Mar-2024 15:28:18 UTC] PHP Notice:  ob_end_flush(): Failed to send buffer of zlib output compression (1) in C:\MAMP\htdocs\mota\wp-includes\functions.php on line 5373
[28-Mar-2024 15:29:22 UTC] PHP Notice:  ob_end_flush(): Failed to send buffer of zlib output compression (1) in C:\MAMP\htdocs\mota\wp-includes\functions.php on line 5373
[28-Mar-2024 15:29:22 UTC] PHP Notice:  ob_end_flush(): Failed to send buffer of zlib output compression (1) in C:\MAMP\htdocs\mota\wp-includes\functions.php on line 5373
[28-Mar-2024 15:32:39 UTC] PHP Notice:  ob_end_flush(): Failed to send buffer of zlib output compression (1) in C:\MAMP\htdocs\mota\wp-includes\functions.php on line 5373
[28-Mar-2024 15:32:39 UTC] PHP Notice:  ob_end_flush(): Failed to send buffer of zlib output compression (1) in C:\MAMP\htdocs\mota\wp-includes\functions.php on line 5373
[28-Mar-2024 15:36:21 UTC] PHP Notice:  ob_end_flush(): Failed to send buffer of zlib output compression (1) in C:\MAMP\htdocs\mota\wp-includes\functions.php on line 5373
[28-Mar-2024 15:36:21 UTC] PHP Notice:  ob_end_flush(): Failed to send buffer of zlib output compression (1) in C:\MAMP\htdocs\mota\wp-includes\functions.php on line 5373
[28-Mar-2024 15:36:30 UTC] PHP Notice:  ob_end_flush(): Failed to send buffer of zlib output compression (1) in C:\MAMP\htdocs\mota\wp-includes\functions.php on line 5373
[28-Mar-2024 15:36:30 UTC] PHP Notice:  ob_end_flush(): Failed to send buffer of zlib output compression (1) in C:\MAMP\htdocs\mota\wp-includes\functions.php on line 5373
[28-Mar-2024 15:36:33 UTC] PHP Notice:  ob_end_flush(): Failed to send buffer of zlib output compression (1) in C:\MAMP\htdocs\mota\wp-includes\functions.php on line 5373
[28-Mar-2024 15:36:33 UTC] PHP Notice:  ob_end_flush(): Failed to send buffer of zlib output compression (1) in C:\MAMP\htdocs\mota\wp-includes\functions.php on line 5373
[28-Mar-2024 15:38:00 UTC] PHP Notice:  ob_end_flush(): Failed to send buffer of zlib output compression (1) in C:\MAMP\htdocs\mota\wp-includes\functions.php on line 5373
[28-Mar-2024 15:38:00 UTC] PHP Notice:  ob_end_flush(): Failed to send buffer of zlib output compression (1) in C:\MAMP\htdocs\mota\wp-includes\functions.php on line 5373
[28-Mar-2024 15:41:45 UTC] PHP Notice:  ob_end_flush(): Failed to send buffer of zlib output compression (1) in C:\MAMP\htdocs\mota\wp-includes\functions.php on line 5373
[28-Mar-2024 15:41:45 UTC] PHP Notice:  ob_end_flush(): Failed to send buffer of zlib output compression (1) in C:\MAMP\htdocs\mota\wp-includes\functions.php on line 5373
[28-Mar-2024 15:42:13 UTC] PHP Notice:  ob_end_flush(): Failed to send buffer of zlib output compression (1) in C:\MAMP\htdocs\mota\wp-includes\functions.php on line 5373
[28-Mar-2024 15:42:13 UTC] PHP Notice:  ob_end_flush(): Failed to send buffer of zlib output compression (1) in C:\MAMP\htdocs\mota\wp-includes\functions.php on line 5373
[28-Mar-2024 15:42:39 UTC] PHP Notice:  ob_end_flush(): Failed to send buffer of zlib output compression (1) in C:\MAMP\htdocs\mota\wp-includes\functions.php on line 5373
[28-Mar-2024 15:42:39 UTC] PHP Notice:  ob_end_flush(): Failed to send buffer of zlib output compression (1) in C:\MAMP\htdocs\mota\wp-includes\functions.php on line 5373
[28-Mar-2024 15:47:31 UTC] PHP Notice:  ob_end_flush(): Failed to send buffer of zlib output compression (1) in C:\MAMP\htdocs\mota\wp-includes\functions.php on line 5373
[28-Mar-2024 15:47:31 UTC] PHP Notice:  ob_end_flush(): Failed to send buffer of zlib output compression (1) in C:\MAMP\htdocs\mota\wp-includes\functions.php on line 5373
[28-Mar-2024 15:47:55 UTC] PHP Notice:  ob_end_flush(): Failed to send buffer of zlib output compression (1) in C:\MAMP\htdocs\mota\wp-includes\functions.php on line 5373
[28-Mar-2024 15:47:55 UTC] PHP Notice:  ob_end_flush(): Failed to send buffer of zlib output compression (1) in C:\MAMP\htdocs\mota\wp-includes\functions.php on line 5373
[28-Mar-2024 15:48:35 UTC] PHP Notice:  ob_end_flush(): Failed to send buffer of zlib output compression (1) in C:\MAMP\htdocs\mota\wp-includes\functions.php on line 5373
[28-Mar-2024 15:48:35 UTC] PHP Notice:  ob_end_flush(): Failed to send buffer of zlib output compression (1) in C:\MAMP\htdocs\mota\wp-includes\functions.php on line 5373
[28-Mar-2024 15:53:51 UTC] PHP Notice:  ob_end_flush(): Failed to send buffer of zlib output compression (1) in C:\MAMP\htdocs\mota\wp-includes\functions.php on line 5373
[28-Mar-2024 15:53:51 UTC] PHP Notice:  ob_end_flush(): Failed to send buffer of zlib output compression (1) in C:\MAMP\htdocs\mota\wp-includes\functions.php on line 5373
[28-Mar-2024 16:02:48 UTC] PHP Notice:  ob_end_flush(): Failed to send buffer of zlib output compression (1) in C:\MAMP\htdocs\mota\wp-includes\functions.php on line 5373
[28-Mar-2024 16:02:48 UTC] PHP Notice:  ob_end_flush(): Failed to send buffer of zlib output compression (1) in C:\MAMP\htdocs\mota\wp-includes\functions.php on line 5373
[28-Mar-2024 16:03:14 UTC] PHP Notice:  ob_end_flush(): Failed to send buffer of zlib output compression (1) in C:\MAMP\htdocs\mota\wp-includes\functions.php on line 5373
[28-Mar-2024 16:03:14 UTC] PHP Notice:  ob_end_flush(): Failed to send buffer of zlib output compression (1) in C:\MAMP\htdocs\mota\wp-includes\functions.php on line 5373
[28-Mar-2024 16:04:40 UTC] PHP Notice:  ob_end_flush(): Failed to send buffer of zlib output compression (1) in C:\MAMP\htdocs\mota\wp-includes\functions.php on line 5373
[28-Mar-2024 16:04:40 UTC] PHP Notice:  ob_end_flush(): Failed to send buffer of zlib output compression (1) in C:\MAMP\htdocs\mota\wp-includes\functions.php on line 5373
[28-Mar-2024 16:08:43 UTC] PHP Notice:  ob_end_flush(): Failed to send buffer of zlib output compression (1) in C:\MAMP\htdocs\mota\wp-includes\functions.php on line 5373
[28-Mar-2024 16:08:43 UTC] PHP Notice:  ob_end_flush(): Failed to send buffer of zlib output compression (1) in C:\MAMP\htdocs\mota\wp-includes\functions.php on line 5373
[28-Mar-2024 16:10:39 UTC] PHP Notice:  ob_end_flush(): Failed to send buffer of zlib output compression (1) in C:\MAMP\htdocs\mota\wp-includes\functions.php on line 5373
[28-Mar-2024 16:10:39 UTC] PHP Notice:  ob_end_flush(): Failed to send buffer of zlib output compression (1) in C:\MAMP\htdocs\mota\wp-includes\functions.php on line 5373
[28-Mar-2024 16:13:50 UTC] PHP Notice:  ob_end_flush(): Failed to send buffer of zlib output compression (1) in C:\MAMP\htdocs\mota\wp-includes\functions.php on line 5373
[28-Mar-2024 16:13:50 UTC] PHP Notice:  ob_end_flush(): Failed to send buffer of zlib output compression (1) in C:\MAMP\htdocs\mota\wp-includes\functions.php on line 5373
[28-Mar-2024 16:18:54 UTC] PHP Notice:  ob_end_flush(): Failed to send buffer of zlib output compression (1) in C:\MAMP\htdocs\mota\wp-includes\functions.php on line 5373
[28-Mar-2024 16:18:54 UTC] PHP Notice:  ob_end_flush(): Failed to send buffer of zlib output compression (1) in C:\MAMP\htdocs\mota\wp-includes\functions.php on line 5373
[28-Mar-2024 16:19:39 UTC] PHP Notice:  ob_end_flush(): Failed to send buffer of zlib output compression (1) in C:\MAMP\htdocs\mota\wp-includes\functions.php on line 5373
[28-Mar-2024 16:19:39 UTC] PHP Notice:  ob_end_flush(): Failed to send buffer of zlib output compression (1) in C:\MAMP\htdocs\mota\wp-includes\functions.php on line 5373
[28-Mar-2024 16:20:53 UTC] PHP Notice:  ob_end_flush(): Failed to send buffer of zlib output compression (1) in C:\MAMP\htdocs\mota\wp-includes\functions.php on line 5373
[28-Mar-2024 16:20:53 UTC] PHP Notice:  ob_end_flush(): Failed to send buffer of zlib output compression (1) in C:\MAMP\htdocs\mota\wp-includes\functions.php on line 5373
[28-Mar-2024 16:21:29 UTC] PHP Notice:  ob_end_flush(): Failed to send buffer of zlib output compression (1) in C:\MAMP\htdocs\mota\wp-includes\functions.php on line 5373
[28-Mar-2024 16:21:30 UTC] PHP Notice:  ob_end_flush(): Failed to send buffer of zlib output compression (1) in C:\MAMP\htdocs\mota\wp-includes\functions.php on line 5373
[28-Mar-2024 16:26:24 UTC] PHP Notice:  ob_end_flush(): Failed to send buffer of zlib output compression (1) in C:\MAMP\htdocs\mota\wp-includes\functions.php on line 5373
[28-Mar-2024 16:26:24 UTC] PHP Notice:  ob_end_flush(): Failed to send buffer of zlib output compression (1) in C:\MAMP\htdocs\mota\wp-includes\functions.php on line 5373
[28-Mar-2024 16:28:00 UTC] PHP Notice:  ob_end_flush(): Failed to send buffer of zlib output compression (1) in C:\MAMP\htdocs\mota\wp-includes\functions.php on line 5373
[28-Mar-2024 16:28:00 UTC] PHP Notice:  ob_end_flush(): Failed to send buffer of zlib output compression (1) in C:\MAMP\htdocs\mota\wp-includes\functions.php on line 5373
[28-Mar-2024 16:28:17 UTC] PHP Notice:  ob_end_flush(): Failed to send buffer of zlib output compression (1) in C:\MAMP\htdocs\mota\wp-includes\functions.php on line 5373
[28-Mar-2024 16:28:17 UTC] PHP Notice:  ob_end_flush(): Failed to send buffer of zlib output compression (1) in C:\MAMP\htdocs\mota\wp-includes\functions.php on line 5373
[28-Mar-2024 16:28:37 UTC] PHP Notice:  ob_end_flush(): Failed to send buffer of zlib output compression (1) in C:\MAMP\htdocs\mota\wp-includes\functions.php on line 5373
[28-Mar-2024 16:28:37 UTC] PHP Notice:  ob_end_flush(): Failed to send buffer of zlib output compression (1) in C:\MAMP\htdocs\mota\wp-includes\functions.php on line 5373
[28-Mar-2024 16:29:45 UTC] PHP Notice:  ob_end_flush(): Failed to send buffer of zlib output compression (1) in C:\MAMP\htdocs\mota\wp-includes\functions.php on line 5373
[28-Mar-2024 16:29:45 UTC] PHP Notice:  ob_end_flush(): Failed to send buffer of zlib output compression (1) in C:\MAMP\htdocs\mota\wp-includes\functions.php on line 5373
[28-Mar-2024 16:30:11 UTC] PHP Notice:  ob_end_flush(): Failed to send buffer of zlib output compression (1) in C:\MAMP\htdocs\mota\wp-includes\functions.php on line 5373
[28-Mar-2024 16:30:11 UTC] PHP Notice:  ob_end_flush(): Failed to send buffer of zlib output compression (1) in C:\MAMP\htdocs\mota\wp-includes\functions.php on line 5373
[28-Mar-2024 16:36:05 UTC] PHP Notice:  ob_end_flush(): Failed to send buffer of zlib output compression (1) in C:\MAMP\htdocs\mota\wp-includes\functions.php on line 5373
[28-Mar-2024 16:36:05 UTC] PHP Notice:  ob_end_flush(): Failed to send buffer of zlib output compression (1) in C:\MAMP\htdocs\mota\wp-includes\functions.php on line 5373
[28-Mar-2024 16:36:14 UTC] PHP Notice:  ob_end_flush(): Failed to send buffer of zlib output compression (1) in C:\MAMP\htdocs\mota\wp-includes\functions.php on line 5373
[28-Mar-2024 16:36:14 UTC] PHP Notice:  ob_end_flush(): Failed to send buffer of zlib output compression (1) in C:\MAMP\htdocs\mota\wp-includes\functions.php on line 5373
[28-Mar-2024 16:36:32 UTC] PHP Notice:  ob_end_flush(): Failed to send buffer of zlib output compression (1) in C:\MAMP\htdocs\mota\wp-includes\functions.php on line 5373
[28-Mar-2024 16:36:32 UTC] PHP Notice:  ob_end_flush(): Failed to send buffer of zlib output compression (1) in C:\MAMP\htdocs\mota\wp-includes\functions.php on line 5373
[28-Mar-2024 16:36:36 UTC] PHP Notice:  ob_end_flush(): Failed to send buffer of zlib output compression (1) in C:\MAMP\htdocs\mota\wp-includes\functions.php on line 5373
[28-Mar-2024 16:36:36 UTC] PHP Notice:  ob_end_flush(): Failed to send buffer of zlib output compression (1) in C:\MAMP\htdocs\mota\wp-includes\functions.php on line 5373
[28-Mar-2024 16:36:47 UTC] PHP Notice:  ob_end_flush(): Failed to send buffer of zlib output compression (1) in C:\MAMP\htdocs\mota\wp-includes\functions.php on line 5373
[28-Mar-2024 16:36:47 UTC] PHP Notice:  ob_end_flush(): Failed to send buffer of zlib output compression (1) in C:\MAMP\htdocs\mota\wp-includes\functions.php on line 5373
[28-Mar-2024 16:36:51 UTC] PHP Notice:  ob_end_flush(): Failed to send buffer of zlib output compression (1) in C:\MAMP\htdocs\mota\wp-includes\functions.php on line 5373
[28-Mar-2024 16:36:51 UTC] PHP Notice:  ob_end_flush(): Failed to send buffer of zlib output compression (1) in C:\MAMP\htdocs\mota\wp-includes\functions.php on line 5373
[28-Mar-2024 16:37:18 UTC] PHP Notice:  ob_end_flush(): Failed to send buffer of zlib output compression (1) in C:\MAMP\htdocs\mota\wp-includes\functions.php on line 5373
[28-Mar-2024 16:37:18 UTC] PHP Notice:  ob_end_flush(): Failed to send buffer of zlib output compression (1) in C:\MAMP\htdocs\mota\wp-includes\functions.php on line 5373
[28-Mar-2024 16:38:04 UTC] PHP Notice:  ob_end_flush(): Failed to send buffer of zlib output compression (1) in C:\MAMP\htdocs\mota\wp-includes\functions.php on line 5373
[28-Mar-2024 16:38:04 UTC] PHP Notice:  ob_end_flush(): Failed to send buffer of zlib output compression (1) in C:\MAMP\htdocs\mota\wp-includes\functions.php on line 5373
[28-Mar-2024 16:38:08 UTC] PHP Notice:  ob_end_flush(): Failed to send buffer of zlib output compression (1) in C:\MAMP\htdocs\mota\wp-includes\functions.php on line 5373
[28-Mar-2024 16:38:08 UTC] PHP Notice:  ob_end_flush(): Failed to send buffer of zlib output compression (1) in C:\MAMP\htdocs\mota\wp-includes\functions.php on line 5373
